[2020-06-03T08:35:43.429] [INFO] articleImgsLog - 删除文章txt失败@: article\47and1590976442963.txt 错误原因@: [Error: ENOENT: no such file or directory, unlink 'F:\good\nodejs\article\47and1590976442963.txt'] {
  errno: -4058,
  code: 'ENOENT',
  syscall: 'unlink',
  path: 'F:\\good\\nodejs\\article\\47and1590976442963.txt'
}
[2020-06-22T15:02:31.971] [INFO] articleImgsLog - 更新数据库----------------------------
[2020-06-22T15:04:32.370] [INFO] articleImgsLog - 更新数据库----------------------------
[2020-06-22T15:04:32.370] [INFO] articleImgsLog - 更新数据库----------------------------
[2020-06-22T15:04:32.369] [INFO] articleImgsLog - 更新数据库----------------------------
[2020-06-22T15:47:20.043] [INFO] articleImgsLog - 更新数据库----------------------------
[2020-06-22T15:51:36.843] [INFO] articleImgsLog - 更新数据库----------------------------
[2020-06-22T15:51:54.775] [INFO] articleImgsLog - 更新数据库----------------------------
[2020-06-22T15:53:19.179] [INFO] articleImgsLog - 更新数据库----------------------------
[2020-06-22T15:53:19.179] [INFO] articleImgsLog - 更新数据库----------------------------
[2020-06-22T15:53:19.180] [INFO] articleImgsLog - 更新数据库----------------------------
[2020-06-22T15:55:07.580] [INFO] articleImgsLog - 更新数据库111----------------------------
[2020-06-22T15:55:07.581] [INFO] articleImgsLog - 更新数据库111----------------------------
[2020-06-22T15:55:07.586] [INFO] articleImgsLog - 更新数据库111----------------------------
[2020-06-22T15:59:56.768] [INFO] articleImgsLog - 删除文章txt失败@:
[2020-06-22T15:59:58.885] [INFO] articleImgsLog - 删除文章txt失败@:
[2020-06-22T16:01:05.225] [INFO] articleImgsLog - 删除文章txt失败@:
[2020-06-22T16:01:06.877] [INFO] articleImgsLog - 删除文章txt失败@:
[2020-06-22T16:06:39.026] [INFO] articleImgsLog - nodejs启动了
[2020-06-22T16:07:07.668] [INFO] articleImgsLog - nodejs启动了
[2020-06-22T16:08:01.777] [INFO] articleImgsLog - nodejs启动了
[2020-06-22T16:08:08.309] [INFO] articleImgsLog - 删除文章txt失败@:
[2020-06-22T16:08:29.577] [INFO] articleImgsLog - 删除文章txt失败@:
[2020-06-22T16:08:58.464] [INFO] articleImgsLog - 删除文章txt失败@:
[2020-06-22T16:10:02.614] [INFO] articleImgsLog - nodejs启动了
[2020-06-22T16:10:59.400] [INFO] articleImgsLog - nodejs启动了
[2020-06-22T16:11:22.153] [INFO] articleImgsLog - nodejs启动了
[2020-06-22T16:11:37.431] [INFO] articleImgsLog - nodejs启动了
[2020-06-22T16:12:04.267] [INFO] articleImgsLog - nodejs启动了
[2020-06-22T16:12:35.021] [INFO] articleImgsLog - nodejs启动了
[2020-06-22T16:14:35.864] [INFO] articleImgsLog - nodejs启动了
[2020-06-22T16:14:50.351] [INFO] articleImgsLog - 数据库操作
[2020-06-22T16:14:56.665] [INFO] articleImgsLog - 数据库操作
[2020-06-22T16:14:58.151] [INFO] articleImgsLog - 数据库操作
[2020-06-22T16:14:59.718] [INFO] articleImgsLog - 数据库操作
[2020-06-22T16:21:06.037] [INFO] articleImgsLog - 有
[2020-06-22T16:21:06.037] [INFO] articleImgsLog - 我是值
[2020-06-22T16:21:35.159] [INFO] articleImgsLog - nodejs启动了
[2020-06-22T16:21:39.972] [INFO] articleImgsLog - 有
[2020-06-22T16:21:39.973] [INFO] articleImgsLog - 有
[2020-06-22T16:21:39.982] [INFO] articleImgsLog - 有
[2020-06-22T16:21:39.982] [INFO] articleImgsLog - 有
[2020-06-22T16:21:39.982] [INFO] articleImgsLog - 我是值
[2020-06-22T16:21:39.982] [INFO] articleImgsLog - 我是值
[2020-06-22T16:21:39.982] [INFO] articleImgsLog - 我是值
[2020-06-22T16:21:39.983] [INFO] articleImgsLog - 我是值
[2020-06-22T16:23:45.696] [INFO] articleImgsLog - nodejs启动了
[2020-06-22T16:23:50.344] [INFO] articleImgsLog - 没有
[2020-06-22T16:23:50.344] [INFO] articleImgsLog - 没有
[2020-06-22T16:23:50.344] [INFO] articleImgsLog - 没有
[2020-06-22T16:23:50.344] [INFO] articleImgsLog - 没有
[2020-06-22T16:23:50.354] [INFO] articleImgsLog - 我是值
[2020-06-22T16:23:50.354] [INFO] articleImgsLog - 我是值
[2020-06-22T16:23:50.354] [INFO] articleImgsLog - 我是值
[2020-06-22T16:23:50.354] [INFO] articleImgsLog - 我是值
[2020-06-22T17:17:31.944] [INFO] articleImgsLog - nodejs启动了
[2020-06-22T17:17:32.284] [INFO] articleImgsLog - nodejs启动了
[2020-06-22T17:17:32.694] [INFO] articleImgsLog - nodejs启动了
[2020-06-22T17:17:33.037] [INFO] articleImgsLog - nodejs启动了
[2020-06-22T18:28:38.487] [INFO] articleImgsLog - init启动了
[2020-06-22T18:31:57.387] [INFO] articleImgsLog - init启动了
[2020-06-22T18:39:51.217] [INFO] articleImgsLog - init启动了
[2020-06-22T18:42:01.239] [INFO] articleImgsLog - init启动了
[2020-06-22T18:42:30.008] [INFO] articleImgsLog - 来自init.js
[2020-06-22T18:42:30.009] [INFO] articleImgsLog - 来自init.js
[2020-06-22T18:43:30.023] [INFO] articleImgsLog - 来自init.js
[2020-06-22T18:43:30.043] [INFO] articleImgsLog - 来自init.js
[2020-06-22T18:44:30.065] [INFO] articleImgsLog - 来自init.js
[2020-06-22T18:44:30.115] [INFO] articleImgsLog - 来自init.js
[2020-06-22T18:45:30.006] [INFO] articleImgsLog - 来自init.js
[2020-06-22T18:45:30.007] [INFO] articleImgsLog - 来自init.js
[2020-06-22T18:46:43.215] [INFO] articleImgsLog - init启动了
[2020-06-22T18:47:30.019] [INFO] articleImgsLog - 来自init.js
[2020-06-22T18:47:30.019] [INFO] articleImgsLog - 来自init.js
[2020-06-22T18:50:30.048] [INFO] articleImgsLog - 新的
[2020-06-22T18:51:30.010] [INFO] articleImgsLog - 新的
[2020-06-22T18:52:30.009] [INFO] articleImgsLog - 新的
[2020-06-22T18:53:30.015] [INFO] articleImgsLog - 新的
[2020-06-22T18:54:30.026] [INFO] articleImgsLog - 新的
[2020-06-22T18:55:30.024] [INFO] articleImgsLog - 新的
[2020-06-27T08:25:53.850] [INFO] articleImgsLog - 数据库操作
[2020-06-29T07:09:37.035] [INFO] articleImgsLog - 数据库操作
[2020-06-29T12:59:33.250] [INFO] articleImgsLog - 数据库操作
[2020-06-29T13:33:14.737] [INFO] articleImgsLog - init启动了
[2020-06-29T13:34:17.978] [INFO] articleImgsLog - 数据库操作
[2020-06-29T13:34:17.978] [INFO] articleImgsLog - 数据库操作
[2020-07-01T07:20:40.091] [INFO] articleImgsLog - 数据库操作
