[2020-07-01T06:19:46.333] [INFO] http - OPTIONS /login/getUserInfo  200  5 ms
[2020-07-01T06:19:46.336] [INFO] http - OPTIONS /article/banner  200  2 ms
[2020-07-01T06:19:46.340] [INFO] http - OPTIONS /article/getNowBidding  200  1 ms
[2020-07-01T06:19:46.343] [INFO] http - OPTIONS /article/homePage  200  1 ms
[2020-07-01T06:19:46.465] [INFO] http - POST /article/banner  200  5 ms
[2020-07-01T06:19:46.540] [INFO] http - POST /login/getUserInfo  200  195 ms
[2020-07-01T06:19:46.558] [INFO] http - POST /article/homePage  200  88 ms
[2020-07-01T06:19:46.561] [INFO] http - POST /article/getNowBidding  200  94 ms
[2020-07-01T06:19:46.868] [WARN] http - GET //headPor/47/1592627418118--1.jpg  304  2 ms
[2020-07-01T06:19:46.872] [WARN] http - GET //articleImgs/47/1593408854341--W020200601359603900957.jpg  304  1 ms
[2020-07-01T06:33:38.056] [INFO] http - OPTIONS /article/read  200  6 ms
[2020-07-01T06:33:38.060] [INFO] http - OPTIONS /article/getCol  200  2 ms
[2020-07-01T06:33:38.063] [INFO] http - OPTIONS /article/getComment  200  3 ms
[2020-07-01T06:33:38.169] [INFO] http - POST /article/getCol  200  23 ms
[2020-07-01T06:33:38.171] [INFO] http - POST /article/getComment  200  19 ms
[2020-07-01T06:33:38.174] [INFO] http - POST /article/read  200  110 ms
[2020-07-01T06:33:40.828] [INFO] http - OPTIONS /article/getNowBidding  200  4 ms
[2020-07-01T06:33:40.831] [INFO] http - OPTIONS /article/getNowBiddingPlate  200  2 ms
[2020-07-01T06:33:40.833] [INFO] http - OPTIONS /article/getNowBidding  200  1 ms
[2020-07-01T06:33:40.836] [INFO] http - OPTIONS /article/getNowBiddingPlate  200  2 ms
[2020-07-01T06:33:40.878] [INFO] http - POST /article/getNowBidding  200  40 ms
[2020-07-01T06:33:40.886] [INFO] http - POST /article/getNowBidding  200  43 ms
[2020-07-01T06:33:40.888] [INFO] http - POST /article/getNowBiddingPlate  200  42 ms
[2020-07-01T06:33:40.891] [INFO] http - POST /article/getNowBiddingPlate  200  50 ms
[2020-07-01T06:34:34.347] [INFO] http - OPTIONS /login/getUserInfo  200  2 ms
[2020-07-01T06:34:34.349] [INFO] http - OPTIONS /article/getNowBidding  200  1 ms
[2020-07-01T06:34:34.353] [INFO] http - OPTIONS /article/getNowBiddingPlate  200  1 ms
[2020-07-01T06:34:34.356] [INFO] http - OPTIONS /article/getNowBidding  200  2 ms
[2020-07-01T06:34:34.358] [INFO] http - OPTIONS /article/getNowBiddingPlate  200  1 ms
[2020-07-01T06:34:34.363] [INFO] http - POST /login/getUserInfo  200  3 ms
[2020-07-01T06:34:34.367] [INFO] http - POST /article/getNowBidding  200  3 ms
[2020-07-01T06:34:34.372] [INFO] http - POST /article/getNowBiddingPlate  200  4 ms
[2020-07-01T06:34:34.376] [INFO] http - POST /article/getNowBidding  200  3 ms
[2020-07-01T06:34:34.382] [INFO] http - POST /article/getNowBiddingPlate  200  4 ms
[2020-07-01T06:34:34.689] [WARN] http - GET //headPor/47/1592627418118--1.jpg  304  2 ms
[2020-07-01T06:34:37.186] [INFO] http - OPTIONS /article/bidding  200  2 ms
[2020-07-01T06:34:37.210] [INFO] http - POST /article/bidding  200  22 ms
[2020-07-01T06:34:38.897] [INFO] http - OPTIONS /article/banner  200  2 ms
[2020-07-01T06:34:38.900] [INFO] http - OPTIONS /article/homePage  200  1 ms
[2020-07-01T06:34:38.905] [INFO] http - POST /article/banner  200  2 ms
[2020-07-01T06:34:38.913] [INFO] http - POST /article/getNowBidding  200  15 ms
[2020-07-01T06:34:38.919] [INFO] http - POST /article/homePage  200  13 ms
[2020-07-01T06:34:38.950] [WARN] http - GET //articleImgs/47/1593408854341--W020200601359603900957.jpg  304  1 ms
[2020-07-01T06:34:39.773] [INFO] http - OPTIONS /article/getNowBidding  200  2 ms
[2020-07-01T06:34:39.781] [INFO] http - POST /article/getNowBidding  200  5 ms
[2020-07-01T06:34:39.782] [INFO] http - POST /article/homePage  200  8 ms
[2020-07-01T06:34:40.918] [INFO] http - OPTIONS /article/read  200  2 ms
[2020-07-01T06:34:40.921] [INFO] http - OPTIONS /article/getCol  200  2 ms
[2020-07-01T06:34:40.924] [INFO] http - OPTIONS /article/getComment  200  2 ms
[2020-07-01T06:34:40.932] [INFO] http - POST /article/getCol  200  5 ms
[2020-07-01T06:34:40.933] [INFO] http - POST /article/read  200  8 ms
[2020-07-01T06:34:40.935] [INFO] http - POST /article/getComment  200  6 ms
[2020-07-01T06:34:42.495] [INFO] http - OPTIONS /article/getNowBiddingPlate  200  2 ms
[2020-07-01T06:34:42.499] [INFO] http - OPTIONS /article/getNowBiddingPlate  200  2 ms
[2020-07-01T06:34:42.507] [INFO] http - POST /article/getNowBiddingPlate  200  7 ms
[2020-07-01T06:34:42.509] [INFO] http - POST /article/getNowBidding  200  17 ms
[2020-07-01T06:34:42.512] [INFO] http - POST /article/getNowBiddingPlate  200  8 ms
[2020-07-01T06:34:42.514] [INFO] http - POST /article/getNowBidding  200  19 ms
[2020-07-01T06:43:30.192] [INFO] http - OPTIONS /login/getUserInfo  200  5 ms
[2020-07-01T06:43:30.196] [INFO] http - OPTIONS /article/getNowBidding  200  2 ms
[2020-07-01T06:43:30.199] [INFO] http - OPTIONS /article/getNowBiddingPlate  200  1 ms
[2020-07-01T06:43:30.201] [INFO] http - OPTIONS /article/getNowBidding  200  1 ms
[2020-07-01T06:43:30.205] [INFO] http - OPTIONS /article/getNowBiddingPlate  200  1 ms
[2020-07-01T06:43:30.314] [INFO] http - POST /login/getUserInfo  200  106 ms
[2020-07-01T06:43:30.319] [INFO] http - POST /article/getNowBiddingPlate  200  23 ms
[2020-07-01T06:43:30.323] [INFO] http - POST /article/getNowBiddingPlate  200  23 ms
[2020-07-01T06:43:30.326] [INFO] http - POST /article/getNowBidding  200  34 ms
[2020-07-01T06:43:30.335] [INFO] http - POST /article/getNowBidding  200  37 ms
[2020-07-01T06:43:30.646] [WARN] http - GET //headPor/47/1592627418118--1.jpg  304  4 ms
[2020-07-01T06:43:36.949] [INFO] http - OPTIONS /article/bidding  200  4 ms
[2020-07-01T06:43:36.974] [INFO] http - POST /article/bidding  200  24 ms
[2020-07-01T06:43:39.003] [INFO] http - OPTIONS /login/getUserInfo  200  3 ms
[2020-07-01T06:43:39.012] [INFO] http - POST /login/getUserInfo  200  7 ms
[2020-07-01T06:43:39.068] [WARN] http - GET //headPor/47/1592627418118--1.jpg  304  1 ms
[2020-07-01T06:43:39.096] [INFO] http - OPTIONS /article/getNowBidding  200  6 ms
[2020-07-01T06:43:39.099] [INFO] http - OPTIONS /article/getNowBiddingPlate  200  1 ms
[2020-07-01T06:43:39.102] [INFO] http - OPTIONS /article/getNowBidding  200  2 ms
[2020-07-01T06:43:39.112] [INFO] http - OPTIONS /article/getNowBiddingPlate  200  2 ms
[2020-07-01T06:43:39.119] [INFO] http - POST /article/getNowBidding  200  13 ms
[2020-07-01T06:43:39.122] [INFO] http - POST /article/getNowBiddingPlate  200  8 ms
[2020-07-01T06:43:39.131] [INFO] http - POST /article/getNowBiddingPlate  200  4 ms
[2020-07-01T06:43:39.137] [INFO] http - POST /article/getNowBidding  200  13 ms
[2020-07-01T06:53:59.787] [INFO] http - OPTIONS /article/biddingPlate  200  10 ms
[2020-07-01T06:53:59.886] [INFO] http - POST /article/biddingPlate  200  96 ms
[2020-07-01T06:54:01.283] [INFO] http - OPTIONS /article/banner  200  2 ms
[2020-07-01T06:54:01.287] [INFO] http - OPTIONS /article/getNowBidding  200  2 ms
[2020-07-01T06:54:01.291] [INFO] http - OPTIONS /article/homePage  200  2 ms
[2020-07-01T06:54:01.300] [INFO] http - POST /article/banner  200  5 ms
[2020-07-01T06:54:01.318] [INFO] http - POST /article/homePage  200  13 ms
[2020-07-01T06:54:01.320] [INFO] http - POST /article/getNowBidding  200  19 ms
[2020-07-01T06:54:01.652] [WARN] http - GET //articleImgs/47/1593408854341--W020200601359603900957.jpg  304  4 ms
[2020-07-01T06:54:02.192] [INFO] http - OPTIONS /article/read  200  2 ms
[2020-07-01T06:54:02.196] [INFO] http - OPTIONS /article/getCol  200  3 ms
[2020-07-01T06:54:02.200] [INFO] http - OPTIONS /article/getComment  200  2 ms
[2020-07-01T06:54:02.209] [INFO] http - POST /article/getCol  200  5 ms
[2020-07-01T06:54:02.212] [INFO] http - POST /article/read  200  10 ms
[2020-07-01T06:54:02.215] [INFO] http - POST /article/getComment  200  7 ms
[2020-07-01T06:54:05.588] [INFO] http - OPTIONS /article/getNowBiddingPlate  200  2 ms
[2020-07-01T06:54:05.593] [INFO] http - OPTIONS /article/getNowBiddingPlate  200  2 ms
[2020-07-01T06:54:05.604] [INFO] http - POST /article/getNowBidding  200  22 ms
[2020-07-01T06:54:05.605] [INFO] http - POST /article/getNowBiddingPlate  200  11 ms
[2020-07-01T06:54:05.607] [INFO] http - POST /article/getNowBiddingPlate  200  10 ms
[2020-07-01T06:54:05.608] [INFO] http - POST /article/getNowBidding  200  19 ms
[2020-07-01T06:54:07.845] [INFO] http - OPTIONS /article/read  200  3 ms
[2020-07-01T06:54:07.849] [INFO] http - OPTIONS /article/getCol  200  3 ms
[2020-07-01T06:54:07.853] [INFO] http - OPTIONS /article/getComment  200  3 ms
[2020-07-01T06:54:07.862] [INFO] http - POST /article/getCol  200  6 ms
[2020-07-01T06:54:07.863] [INFO] http - POST /article/read  200  8 ms
[2020-07-01T06:54:07.868] [INFO] http - POST /article/getComment  200  9 ms
[2020-07-01T06:54:12.055] [INFO] http - OPTIONS /article/getNowBidding  200  4 ms
[2020-07-01T06:54:12.058] [INFO] http - OPTIONS /article/getNowBiddingPlate  200  2 ms
[2020-07-01T06:54:12.061] [INFO] http - OPTIONS /article/getNowBidding  200  2 ms
[2020-07-01T06:54:12.063] [INFO] http - OPTIONS /article/getNowBiddingPlate  200  1 ms
[2020-07-01T06:54:12.075] [INFO] http - POST /article/getNowBidding  200  11 ms
[2020-07-01T06:54:12.077] [INFO] http - POST /article/getNowBiddingPlate  200  10 ms
[2020-07-01T06:54:12.078] [INFO] http - POST /article/getNowBidding  200  9 ms
[2020-07-01T06:54:12.079] [INFO] http - POST /article/getNowBiddingPlate  200  9 ms
[2020-07-01T06:54:14.924] [INFO] http - OPTIONS /article/read  200  4 ms
[2020-07-01T06:54:14.927] [INFO] http - OPTIONS /article/getCol  200  2 ms
[2020-07-01T06:54:14.929] [INFO] http - OPTIONS /article/getComment  200  2 ms
[2020-07-01T06:54:14.940] [INFO] http - POST /article/getCol  200  8 ms
[2020-07-01T06:54:14.944] [INFO] http - POST /article/read  200  13 ms
[2020-07-01T06:54:14.950] [INFO] http - POST /article/getComment  200  13 ms
[2020-07-01T06:54:18.722] [INFO] http - POST /article/getCol  200  6 ms
[2020-07-01T06:54:18.725] [INFO] http - POST /article/read  200  13 ms
[2020-07-01T06:54:18.727] [INFO] http - POST /article/getComment  200  9 ms
[2020-07-01T06:54:21.198] [INFO] http - OPTIONS /article/getNowBidding  200  2 ms
[2020-07-01T06:54:21.201] [INFO] http - OPTIONS /article/getNowBiddingPlate  200  3 ms
[2020-07-01T06:54:21.205] [INFO] http - OPTIONS /article/getNowBidding  200  2 ms
[2020-07-01T06:54:21.208] [INFO] http - OPTIONS /article/getNowBiddingPlate  200  2 ms
[2020-07-01T06:54:21.224] [INFO] http - POST /article/getNowBidding  200  14 ms
[2020-07-01T06:54:21.226] [INFO] http - POST /article/getNowBidding  200  12 ms
[2020-07-01T06:54:21.227] [INFO] http - POST /article/getNowBiddingPlate  200  16 ms
[2020-07-01T06:54:21.228] [INFO] http - POST /article/getNowBiddingPlate  200  12 ms
[2020-07-01T06:54:24.252] [INFO] http - OPTIONS /article/biddingPlate  200  3 ms
[2020-07-01T06:54:24.274] [INFO] http - POST /article/biddingPlate  200  20 ms
[2020-07-01T06:54:27.796] [INFO] http - OPTIONS /article/getNowBidding  200  2 ms
[2020-07-01T06:54:27.799] [INFO] http - OPTIONS /article/homePage  200  3 ms
[2020-07-01T06:54:27.807] [INFO] http - POST /article/getNowBidding  200  6 ms
[2020-07-01T06:54:27.809] [INFO] http - POST /article/homePage  200  6 ms
[2020-07-01T07:04:33.571] [INFO] http - OPTIONS /login/getUserInfo  200  4 ms
[2020-07-01T07:04:33.574] [INFO] http - OPTIONS /article/banner  200  2 ms
[2020-07-01T07:04:33.577] [INFO] http - OPTIONS /article/getNowBidding  200  1 ms
[2020-07-01T07:04:33.580] [INFO] http - OPTIONS /article/homePage  200  0 ms
[2020-07-01T07:04:33.684] [INFO] http - POST /article/banner  200  4 ms
[2020-07-01T07:04:33.704] [INFO] http - POST /login/getUserInfo  200  122 ms
[2020-07-01T07:04:33.711] [INFO] http - POST /article/getNowBidding  200  25 ms
[2020-07-01T07:04:33.714] [INFO] http - POST /article/homePage  200  25 ms
[2020-07-01T07:04:34.028] [WARN] http - GET //headPor/47/1592627418118--1.jpg  304  1 ms
[2020-07-01T07:04:34.030] [WARN] http - GET //articleImgs/47/1593408854341--W020200601359603900957.jpg  304  1 ms
[2020-07-01T07:04:36.032] [INFO] http - OPTIONS /article/read  200  4 ms
[2020-07-01T07:04:36.036] [INFO] http - OPTIONS /article/getCol  200  3 ms
[2020-07-01T07:04:36.040] [INFO] http - OPTIONS /article/getComment  200  2 ms
[2020-07-01T07:04:36.050] [INFO] http - POST /article/getCol  200  6 ms
[2020-07-01T07:04:36.053] [INFO] http - POST /article/read  200  12 ms
[2020-07-01T07:04:36.057] [INFO] http - POST /article/getComment  200  10 ms
[2020-07-01T07:04:40.016] [INFO] http - OPTIONS /article/delArticle  200  3 ms
[2020-07-01T07:04:40.037] [INFO] http - POST /article/delArticle  200  19 ms
[2020-07-01T07:04:42.829] [INFO] http - OPTIONS /login/getUserInfo  200  2 ms
[2020-07-01T07:04:42.836] [INFO] http - POST /login/getUserInfo  200  5 ms
[2020-07-01T07:04:42.884] [WARN] http - GET //headPor/47/1592627418118--1.jpg  304  0 ms
[2020-07-01T07:04:42.948] [INFO] http - OPTIONS /article/read  200  3 ms
[2020-07-01T07:04:42.951] [INFO] http - OPTIONS /article/getCol  200  2 ms
[2020-07-01T07:04:42.954] [INFO] http - OPTIONS /article/getComment  200  2 ms
[2020-07-01T07:04:42.973] [INFO] http - POST /article/read  200  18 ms
[2020-07-01T07:04:42.975] [INFO] http - POST /article/getCol  200  17 ms
[2020-07-01T07:04:42.978] [INFO] http - POST /article/getComment  200  15 ms
[2020-07-01T07:04:52.101] [INFO] http - OPTIONS /article/banner  200  3 ms
[2020-07-01T07:04:52.104] [INFO] http - OPTIONS /article/getNowBidding  200  2 ms
[2020-07-01T07:04:52.107] [INFO] http - OPTIONS /article/homePage  200  1 ms
[2020-07-01T07:04:52.113] [INFO] http - POST /article/banner  200  2 ms
[2020-07-01T07:04:52.120] [INFO] http - POST /article/getNowBidding  200  5 ms
[2020-07-01T07:04:52.121] [INFO] http - POST /article/homePage  200  11 ms
[2020-07-01T07:08:28.115] [INFO] http - OPTIONS /article/read  200  10 ms
[2020-07-01T07:08:28.191] [INFO] http - OPTIONS /article/getCol  200  1 ms
[2020-07-01T07:08:28.193] [INFO] http - OPTIONS /article/getComment  200  1 ms
[2020-07-01T07:08:28.208] [INFO] http - POST /article/getCol  200  10 ms
[2020-07-01T07:08:28.212] [INFO] http - POST /article/read  200  93 ms
[2020-07-01T07:08:28.215] [INFO] http - POST /article/getComment  200  17 ms
[2020-07-01T07:08:32.319] [INFO] http - OPTIONS /article/delComment  200  3 ms
[2020-07-01T07:08:32.330] [INFO] http - POST /article/delComment  200  10 ms
[2020-07-01T07:08:34.292] [INFO] http - OPTIONS /article/getNowBidding  200  4 ms
[2020-07-01T07:08:34.295] [INFO] http - OPTIONS /article/homePage  200  2 ms
[2020-07-01T07:08:34.306] [INFO] http - POST /article/getNowBidding  200  9 ms
[2020-07-01T07:08:34.307] [INFO] http - POST /article/homePage  200  6 ms
[2020-07-01T07:20:30.730] [INFO] http - OPTIONS /article/publish  200  7 ms
[2020-07-01T07:20:30.823] [INFO] http - POST /article/publish  200  91 ms
[2020-07-01T07:20:39.053] [INFO] http - OPTIONS /article/publish  200  2 ms
[2020-07-01T07:20:39.079] [INFO] http - POST /article/publish  200  25 ms
[2020-07-01T07:20:40.779] [INFO] http - OPTIONS /article/getNowBidding  200  2 ms
[2020-07-01T07:20:40.782] [INFO] http - OPTIONS /article/homePage  200  2 ms
[2020-07-01T07:20:40.794] [INFO] http - POST /article/homePage  200  7 ms
[2020-07-01T07:20:40.796] [INFO] http - POST /article/getNowBidding  200  12 ms
[2020-07-01T07:20:41.808] [INFO] http - OPTIONS /article/read  200  2 ms
[2020-07-01T07:20:41.811] [INFO] http - OPTIONS /article/getCol  200  2 ms
[2020-07-01T07:20:41.813] [INFO] http - OPTIONS /article/getComment  200  1 ms
[2020-07-01T07:20:41.824] [INFO] http - POST /article/getCol  200  6 ms
[2020-07-01T07:20:41.827] [INFO] http - POST /article/read  200  13 ms
[2020-07-01T07:20:41.828] [INFO] http - POST /article/getComment  200  8 ms
[2020-07-01T07:28:20.178] [INFO] http - OPTIONS /login/getUserInfo  200  4 ms
[2020-07-01T07:28:20.181] [INFO] http - OPTIONS /article/read  200  1 ms
[2020-07-01T07:28:20.185] [INFO] http - OPTIONS /article/getCol  200  2 ms
[2020-07-01T07:28:20.187] [INFO] http - OPTIONS /article/getComment  200  1 ms
[2020-07-01T07:28:20.309] [INFO] http - POST /login/getUserInfo  200  121 ms
[2020-07-01T07:28:20.313] [INFO] http - POST /article/getCol  200  27 ms
[2020-07-01T07:28:20.318] [INFO] http - POST /article/getComment  200  29 ms
[2020-07-01T07:28:20.319] [INFO] http - POST /article/read  200  36 ms
[2020-07-01T07:28:20.640] [WARN] http - GET //headPor/47/1592627418118--1.jpg  304  4 ms
[2020-07-01T07:28:28.433] [INFO] http - OPTIONS /article/moPublish  200  5 ms
[2020-07-01T07:28:28.455] [INFO] http - POST /article/moPublish  200  19 ms
[2020-07-01T07:28:29.398] [INFO] http - OPTIONS /article/banner  200  4 ms
[2020-07-01T07:28:29.401] [INFO] http - OPTIONS /article/getNowBidding  200  2 ms
[2020-07-01T07:28:29.408] [INFO] http - OPTIONS /article/homePage  200  2 ms
[2020-07-01T07:28:29.412] [INFO] http - POST /article/banner  200  3 ms
[2020-07-01T07:28:29.425] [INFO] http - POST /article/getNowBidding  200  11 ms
[2020-07-01T07:28:29.429] [INFO] http - POST /article/homePage  200  11 ms
[2020-07-01T07:28:29.992] [INFO] http - POST /article/getNowBidding  200  8 ms
[2020-07-01T07:28:29.994] [INFO] http - POST /article/homePage  200  7 ms
[2020-07-01T07:28:31.703] [INFO] http - OPTIONS /article/getNowBiddingPlate  200  2 ms
[2020-07-01T07:28:31.709] [INFO] http - OPTIONS /article/plateAll  200  2 ms
[2020-07-01T07:28:31.717] [INFO] http - POST /article/getNowBiddingPlate  200  12 ms
[2020-07-01T07:28:31.721] [INFO] http - POST /article/plateAll  200  10 ms
[2020-07-01T07:28:32.521] [INFO] http - POST /article/plateAll  200  8 ms
[2020-07-01T07:28:33.106] [INFO] http - OPTIONS /article/read  200  3 ms
[2020-07-01T07:28:33.109] [INFO] http - OPTIONS /article/getCol  200  2 ms
[2020-07-01T07:28:33.112] [INFO] http - OPTIONS /article/getComment  200  2 ms
[2020-07-01T07:28:33.121] [INFO] http - POST /article/getCol  200  5 ms
[2020-07-01T07:28:33.124] [INFO] http - POST /article/read  200  11 ms
[2020-07-01T07:28:33.125] [INFO] http - POST /article/getComment  200  6 ms
[2020-07-01T07:30:28.737] [INFO] http - OPTIONS /article/editorImg  200  8 ms
[2020-07-01T07:30:28.753] [INFO] http - POST /article/editorImg  200  13 ms
[2020-07-01T07:30:29.073] [INFO] http - GET //articleImgs/47/1593559828751--u=3892521478,1695688217&fm=26&gp=0.jpg  200  8 ms
[2020-07-01T07:30:39.909] [INFO] http - OPTIONS /login/getUserInfo  200  2 ms
[2020-07-01T07:30:39.911] [INFO] http - OPTIONS /article/banner  200  1 ms
[2020-07-01T07:30:39.914] [INFO] http - OPTIONS /article/getNowBidding  200  1 ms
[2020-07-01T07:30:39.917] [INFO] http - OPTIONS /article/homePage  200  1 ms
[2020-07-01T07:30:40.006] [INFO] http - POST /article/banner  200  3 ms
[2020-07-01T07:30:40.026] [INFO] http - POST /login/getUserInfo  200  108 ms
[2020-07-01T07:30:40.034] [INFO] http - POST /article/getNowBidding  200  28 ms
[2020-07-01T07:30:40.037] [INFO] http - POST /article/homePage  200  28 ms
[2020-07-01T07:30:40.344] [WARN] http - GET //headPor/47/1592627418118--1.jpg  304  2 ms
[2020-07-01T07:48:43.124] [INFO] http - OPTIONS /login/getUserInfo  200  2 ms
[2020-07-01T07:48:43.128] [INFO] http - OPTIONS /article/banner  200  1 ms
[2020-07-01T07:48:43.130] [INFO] http - OPTIONS /article/getNowBidding  200  1 ms
[2020-07-01T07:48:43.133] [INFO] http - OPTIONS /article/homePage  200  1 ms
[2020-07-01T07:48:43.137] [INFO] http - POST /login/getUserInfo  200  3 ms
[2020-07-01T07:48:43.140] [INFO] http - POST /article/banner  200  1 ms
[2020-07-01T07:48:43.145] [INFO] http - POST /article/getNowBidding  200  4 ms
[2020-07-01T07:48:43.155] [INFO] http - POST /article/homePage  200  9 ms
[2020-07-01T07:48:43.455] [WARN] http - GET //headPor/47/1592627418118--1.jpg  304  1 ms
[2020-07-01T07:49:06.125] [INFO] http - OPTIONS /login/sendCode  200  0 ms
[2020-07-01T07:49:06.723] [INFO] http - POST /login/sendCode  200  598 ms
[2020-07-01T07:49:20.879] [INFO] http - OPTIONS /login/userLogin  200  3 ms
[2020-07-01T07:49:20.909] [INFO] http - POST /login/userLogin  200  27 ms
[2020-07-01T07:49:21.242] [WARN] http - GET /default.jpg  304  1 ms
[2020-07-01T07:49:32.911] [INFO] http - OPTIONS /login/sendCode  200  0 ms
[2020-07-01T07:49:33.186] [INFO] http - POST /login/sendCode  200  275 ms
[2020-07-01T08:00:13.746] [INFO] http - OPTIONS /login/testLogin  200  15 ms
[2020-07-01T08:00:13.825] [INFO] http - POST /login/testLogin  200  79 ms
[2020-07-01T08:00:14.171] [WARN] http - GET //headPor/47/1592627418118--1.jpg  304  4 ms
[2020-07-01T08:00:15.802] [INFO] http - OPTIONS /article/banner  200  3 ms
[2020-07-01T08:00:15.804] [INFO] http - OPTIONS /article/getNowBidding  200  1 ms
[2020-07-01T08:00:15.806] [INFO] http - OPTIONS /article/homePage  200  1 ms
[2020-07-01T08:00:15.815] [INFO] http - POST /article/banner  200  4 ms
[2020-07-01T08:00:15.833] [INFO] http - POST /article/homePage  200  14 ms
[2020-07-01T08:00:15.835] [INFO] http - POST /article/getNowBidding  200  20 ms
[2020-07-01T08:00:17.191] [INFO] http - POST /article/homePage  200  10 ms
[2020-07-01T08:00:18.584] [INFO] http - POST /article/homePage  200  13 ms
[2020-07-01T08:00:19.499] [INFO] http - POST /article/homePage  200  8 ms
[2020-07-01T08:00:19.530] [WARN] http - GET //articleImgs/47/1592711228880--29u1585538307113W020191220372106011071.jpg  304  1 ms
[2020-07-01T08:00:19.534] [WARN] http - GET //articleImgs/47/1592712342936--29u1585538307113W020191220372106011071.jpg  304  1 ms
[2020-07-01T08:00:19.536] [WARN] http - GET //articleImgs/47u1592625332227u=1161383080,3513417242&fm=191&app=48&size=h300&n=0&g=4n&f=JPEG.jpg  304  1 ms
[2020-07-01T08:00:19.538] [WARN] http - GET //articleImgs/47u1592625455846Screenshot_20200403_141240_com.huluxia.gametools.jpg  304  0 ms
[2020-07-01T08:00:19.540] [WARN] http - GET //articleImgs/47/Screenshot_20200403_141240_com.huluxia.gametools.jpg  304  0 ms
[2020-07-01T08:00:19.544] [WARN] http - GET //articleImgs/47/u=1161383080,3513417242&fm=191&app=48&size=h300&n=0&g=4n&f=JPEG.jpg  304  1 ms
[2020-07-01T08:00:19.546] [WARN] http - GET //articleImgs/47/1.jpg  304  1 ms
[2020-07-01T08:00:20.484] [INFO] http - POST /article/homePage  200  7 ms
[2020-07-01T08:00:20.518] [WARN] http - GET /default.jpg  304  1 ms
[2020-07-01T08:00:22.375] [INFO] http - OPTIONS /article/read  200  2 ms
[2020-07-01T08:00:22.378] [INFO] http - OPTIONS /article/getCol  200  2 ms
[2020-07-01T08:00:22.381] [INFO] http - OPTIONS /article/getComment  200  1 ms
[2020-07-01T08:00:22.391] [INFO] http - POST /article/getCol  200  8 ms
[2020-07-01T08:00:22.394] [INFO] http - POST /article/read  200  13 ms
[2020-07-01T08:00:22.398] [INFO] http - POST /article/getComment  200  12 ms
[2020-07-01T08:00:24.581] [INFO] http - OPTIONS /user/otherUser  200  2 ms
[2020-07-01T08:00:24.584] [INFO] http - OPTIONS /user/getFollow  200  2 ms
[2020-07-01T08:00:24.594] [INFO] http - POST /user/otherUser  200  9 ms
[2020-07-01T08:00:24.596] [INFO] http - POST /user/getFollow  200  9 ms
[2020-07-01T08:00:25.626] [INFO] http - OPTIONS /user/follow  200  2 ms
[2020-07-01T08:00:25.645] [INFO] http - POST /user/follow  200  17 ms
[2020-07-01T08:00:26.560] [INFO] http - POST /user/follow  200  16 ms
[2020-07-01T08:00:27.185] [INFO] http - POST /user/follow  200  16 ms
[2020-07-01T08:00:27.736] [INFO] http - POST /user/follow  200  9 ms
[2020-07-01T08:00:28.426] [INFO] http - POST /user/follow  200  17 ms
[2020-07-01T08:00:29.336] [INFO] http - POST /user/follow  200  16 ms
[2020-07-01T08:00:30.017] [INFO] http - POST /user/follow  200  16 ms
[2020-07-01T08:03:33.120] [INFO] http - OPTIONS /login/getUserInfo  200  4 ms
[2020-07-01T08:03:33.123] [INFO] http - OPTIONS /user/otherUser  200  1 ms
[2020-07-01T08:03:33.126] [INFO] http - OPTIONS /user/getFollow  200  1 ms
[2020-07-01T08:03:33.238] [INFO] http - POST /login/getUserInfo  200  110 ms
[2020-07-01T08:03:33.242] [INFO] http - POST /user/otherUser  200  22 ms
[2020-07-01T08:03:33.244] [INFO] http - POST /user/getFollow  200  21 ms
[2020-07-01T08:03:33.567] [WARN] http - GET //headPor/47/1592627418118--1.jpg  304  5 ms
[2020-07-01T08:03:33.570] [WARN] http - GET /default.jpg  304  1 ms
[2020-07-01T08:03:35.820] [INFO] http - OPTIONS /user/follow  200  3 ms
[2020-07-01T08:03:35.838] [INFO] http - POST /user/follow  200  15 ms
[2020-07-01T08:03:37.149] [INFO] http - POST /login/getUserInfo  200  6 ms
[2020-07-01T08:03:37.196] [WARN] http - GET //headPor/47/1592627418118--1.jpg  304  1 ms
[2020-07-01T08:03:37.221] [INFO] http - POST /user/otherUser  200  9 ms
[2020-07-01T08:03:37.222] [INFO] http - POST /user/getFollow  200  6 ms
[2020-07-01T08:03:37.232] [WARN] http - GET /default.jpg  304  1 ms
[2020-07-01T08:03:37.972] [INFO] http - POST /user/follow  200  12 ms
[2020-07-01T08:03:39.365] [INFO] http - OPTIONS /login/getUserInfo  200  3 ms
[2020-07-01T08:03:39.374] [INFO] http - POST /login/getUserInfo  200  6 ms
[2020-07-01T08:03:39.419] [WARN] http - GET //headPor/47/1592627418118--1.jpg  304  1 ms
[2020-07-01T08:03:39.439] [INFO] http - OPTIONS /user/otherUser  200  3 ms
[2020-07-01T08:03:39.442] [INFO] http - OPTIONS /user/getFollow  200  2 ms
[2020-07-01T08:03:39.454] [INFO] http - POST /user/otherUser  200  10 ms
[2020-07-01T08:03:39.456] [INFO] http - POST /user/getFollow  200  11 ms
[2020-07-01T08:03:39.472] [WARN] http - GET /default.jpg  304  1 ms
[2020-07-01T08:05:09.316] [INFO] http - OPTIONS /login/getUserInfo  200  4 ms
[2020-07-01T08:05:09.320] [INFO] http - OPTIONS /user/otherUser  200  2 ms
[2020-07-01T08:05:09.323] [INFO] http - OPTIONS /user/getFollow  200  1 ms
[2020-07-01T08:05:09.448] [INFO] http - POST /login/getUserInfo  200  123 ms
[2020-07-01T08:05:09.451] [INFO] http - POST /user/otherUser  200  18 ms
[2020-07-01T08:05:09.454] [INFO] http - POST /user/getFollow  200  16 ms
[2020-07-01T08:05:09.771] [WARN] http - GET //headPor/47/1592627418118--1.jpg  304  2 ms
[2020-07-01T08:05:09.773] [WARN] http - GET /default.jpg  304  0 ms
[2020-07-01T08:12:12.070] [INFO] http - OPTIONS /user/checkTime  200  0 ms
[2020-07-01T08:12:12.159] [INFO] http - POST /user/checkTime  200  89 ms
[2020-07-01T08:15:48.995] [INFO] http - OPTIONS /user/headPor  200  0 ms
[2020-07-01T08:15:49.082] [INFO] http - POST /user/headPor  200  87 ms
[2020-07-01T08:15:49.402] [INFO] http - GET //headPor/47/1593562549014--u=3892521478,1695688217&fm=26&gp=0.jpg  200  8 ms
[2020-07-01T08:15:53.477] [INFO] http - OPTIONS /user/mName  200  1 ms
[2020-07-01T08:15:53.496] [INFO] http - POST /user/mName  200  17 ms
[2020-07-01T08:15:55.083] [INFO] http - OPTIONS /article/banner  200  4 ms
[2020-07-01T08:15:55.086] [INFO] http - OPTIONS /article/getNowBidding  200  2 ms
[2020-07-01T08:15:55.089] [INFO] http - OPTIONS /article/homePage  200  2 ms
[2020-07-01T08:15:55.095] [INFO] http - POST /article/banner  200  4 ms
[2020-07-01T08:15:55.119] [INFO] http - POST /article/getNowBidding  200  22 ms
[2020-07-01T08:15:55.121] [INFO] http - POST /article/homePage  200  19 ms
[2020-07-01T08:22:16.762] [INFO] http - OPTIONS /login/getUserInfo  200  6 ms
[2020-07-01T08:22:16.868] [INFO] http - POST /login/getUserInfo  200  103 ms
[2020-07-01T08:22:17.189] [WARN] http - GET //headPor/47/1593562549014--u=3892521478,1695688217&fm=26&gp=0.jpg  304  5 ms
