[2020-06-29T06:24:39.529] [INFO] http - OPTIONS /login/getUserInfo  200  5 ms
[2020-06-29T06:24:39.532] [INFO] http - OPTIONS /article/banner  200  2 ms
[2020-06-29T06:24:39.535] [INFO] http - OPTIONS /article/getPcAd  200  3 ms
[2020-06-29T06:24:39.537] [INFO] http - OPTIONS /article/getNowBidding  200  0 ms
[2020-06-29T06:24:39.537] [INFO] http - OPTIONS /article/homePage  200  0 ms
[2020-06-29T06:24:39.658] [INFO] http - POST /article/banner  200  5 ms
[2020-06-29T06:24:39.662] [INFO] http - POST /article/getPcAd  200  2 ms
[2020-06-29T06:24:39.701] [INFO] http - POST /login/getUserInfo  200  159 ms
[2020-06-29T06:24:39.732] [INFO] http - POST /article/homePage  200  64 ms
[2020-06-29T06:24:39.735] [INFO] http - POST /article/getNowBidding  200  71 ms
[2020-06-29T06:24:40.022] [WARN] http - GET //headPor/47/1592627418118--1.jpg  304  4 ms
[2020-06-29T06:27:08.143] [INFO] http - OPTIONS /article/banner  200  2 ms
[2020-06-29T06:27:08.145] [INFO] http - OPTIONS /article/getNowBidding  200  2 ms
[2020-06-29T06:27:08.147] [INFO] http - OPTIONS /article/homePage  200  2 ms
[2020-06-29T06:27:08.149] [INFO] http - POST /article/banner  200  1 ms
[2020-06-29T06:27:08.164] [INFO] http - POST /article/homePage  200  11 ms
[2020-06-29T06:27:08.167] [INFO] http - POST /article/getNowBidding  200  16 ms
[2020-06-29T06:27:33.066] [INFO] http - OPTIONS /article/banner  200  1 ms
[2020-06-29T06:27:33.069] [INFO] http - OPTIONS /article/getNowBidding  200  2 ms
[2020-06-29T06:27:33.072] [INFO] http - OPTIONS /article/getPcAd  200  2 ms
[2020-06-29T06:27:33.077] [INFO] http - POST /article/banner  200  4 ms
[2020-06-29T06:27:33.082] [INFO] http - POST /article/getPcAd  200  1 ms
[2020-06-29T06:27:33.093] [INFO] http - POST /article/getNowBidding  200  15 ms
[2020-06-29T06:28:14.239] [INFO] http - OPTIONS /login/getUserInfo  200  3 ms
[2020-06-29T06:28:14.242] [INFO] http - OPTIONS /article/getPcAd  200  1 ms
[2020-06-29T06:28:14.244] [INFO] http - OPTIONS /article/banner  200  2 ms
[2020-06-29T06:28:14.246] [INFO] http - OPTIONS /article/getNowBidding  200  2 ms
[2020-06-29T06:28:14.251] [INFO] http - OPTIONS /article/homePage  200  1 ms
[2020-06-29T06:28:14.255] [INFO] http - POST /article/getPcAd  200  2 ms
[2020-06-29T06:28:14.260] [INFO] http - POST /article/banner  200  1 ms
[2020-06-29T06:28:14.262] [INFO] http - POST /login/getUserInfo  200  15 ms
[2020-06-29T06:28:14.276] [INFO] http - POST /article/getNowBidding  200  14 ms
[2020-06-29T06:28:14.284] [INFO] http - POST /article/homePage  200  20 ms
[2020-06-29T06:28:14.590] [WARN] http - GET //headPor/47/1592627418118--1.jpg  304  1 ms
[2020-06-29T06:28:38.993] [INFO] http - OPTIONS /article/getNowBiddingPlate  200  3 ms
[2020-06-29T06:28:38.996] [INFO] http - OPTIONS /article/plateAll  200  1 ms
[2020-06-29T06:28:39.011] [INFO] http - POST /article/getNowBiddingPlate  200  14 ms
[2020-06-29T06:28:39.014] [INFO] http - POST /article/plateAll  200  13 ms
[2020-06-29T06:28:41.654] [INFO] http - POST /article/getNowBiddingPlate  200  9 ms
[2020-06-29T06:28:41.655] [INFO] http - POST /article/plateAll  200  5 ms
[2020-06-29T06:28:43.642] [INFO] http - POST /article/getNowBiddingPlate  200  13 ms
[2020-06-29T06:28:43.644] [INFO] http - POST /article/plateAll  200  12 ms
[2020-06-29T06:28:45.588] [INFO] http - OPTIONS /article/getNowBiddingPlate  200  2 ms
[2020-06-29T06:28:45.590] [INFO] http - OPTIONS /article/plateAll  200  2 ms
[2020-06-29T06:28:45.596] [INFO] http - POST /article/getNowBiddingPlate  200  5 ms
[2020-06-29T06:28:45.598] [INFO] http - POST /article/plateAll  200  6 ms
[2020-06-29T06:32:16.573] [INFO] http - OPTIONS /article/homePage  200  2 ms
[2020-06-29T06:32:16.582] [INFO] http - POST /article/homePage  200  7 ms
[2020-06-29T06:32:17.785] [INFO] http - OPTIONS /article/getNowBiddingPlate  200  3 ms
[2020-06-29T06:32:17.787] [INFO] http - OPTIONS /article/plateAll  200  2 ms
[2020-06-29T06:32:17.799] [INFO] http - POST /article/getNowBiddingPlate  200  11 ms
[2020-06-29T06:32:17.800] [INFO] http - POST /article/plateAll  200  10 ms
[2020-06-29T06:32:18.950] [INFO] http - POST /article/plateAll  200  15 ms
[2020-06-29T06:32:19.777] [INFO] http - POST /article/plateAll  200  5 ms
[2020-06-29T06:32:58.560] [INFO] http - OPTIONS /login/getUserInfo  200  3 ms
[2020-06-29T06:32:58.562] [INFO] http - OPTIONS /article/getPcAd  200  2 ms
[2020-06-29T06:32:58.565] [INFO] http - OPTIONS /article/banner  200  2 ms
[2020-06-29T06:32:58.568] [INFO] http - OPTIONS /article/getNowBidding  200  2 ms
[2020-06-29T06:32:58.570] [INFO] http - OPTIONS /article/homePage  200  1 ms
[2020-06-29T06:32:58.574] [INFO] http - POST /article/getPcAd  200  1 ms
[2020-06-29T06:32:58.581] [INFO] http - POST /article/banner  200  6 ms
[2020-06-29T06:32:58.585] [INFO] http - POST /login/getUserInfo  200  14 ms
[2020-06-29T06:32:58.602] [INFO] http - POST /article/getNowBidding  200  19 ms
[2020-06-29T06:32:58.604] [INFO] http - POST /article/homePage  200  17 ms
[2020-06-29T06:32:58.901] [WARN] http - GET //headPor/47/1592627418118--1.jpg  304  1 ms
[2020-06-29T06:33:41.471] [INFO] http - OPTIONS /article/banner  200  2 ms
[2020-06-29T06:33:41.473] [INFO] http - OPTIONS /article/getNowBidding  200  1 ms
[2020-06-29T06:33:41.476] [INFO] http - OPTIONS /article/homePage  200  2 ms
[2020-06-29T06:33:41.480] [INFO] http - POST /article/banner  200  4 ms
[2020-06-29T06:33:41.495] [INFO] http - POST /article/getNowBidding  200  14 ms
[2020-06-29T06:33:41.499] [INFO] http - POST /article/homePage  200  16 ms
[2020-06-29T06:33:41.846] [WARN] http - GET //headPor/47/1592627418118--1.jpg  304  1 ms
[2020-06-29T06:33:49.423] [INFO] http - OPTIONS /article/getNowBiddingPlate  200  2 ms
[2020-06-29T06:33:49.429] [INFO] http - OPTIONS /article/plateAll  200  1 ms
[2020-06-29T06:33:49.440] [INFO] http - POST /article/getNowBiddingPlate  200  16 ms
[2020-06-29T06:33:49.445] [INFO] http - POST /article/plateAll  200  15 ms
[2020-06-29T06:33:52.198] [INFO] http - POST /article/getNowBiddingPlate  200  13 ms
[2020-06-29T06:33:52.202] [INFO] http - POST /article/plateAll  200  9 ms
[2020-06-29T06:33:55.487] [INFO] http - OPTIONS /article/homePage  200  2 ms
[2020-06-29T06:33:55.492] [INFO] http - POST /article/homePage  200  4 ms
[2020-06-29T06:33:56.473] [INFO] http - POST /article/homePage  200  15 ms
[2020-06-29T06:59:20.393] [WARN] http - GET //headPor/47/1592627418118--1.jpg  304  1 ms
[2020-06-29T07:01:47.206] [INFO] http - OPTIONS /login/getUserInfo  200  2 ms
[2020-06-29T07:01:47.209] [INFO] http - OPTIONS /article/getPcAd  200  1 ms
[2020-06-29T07:01:47.211] [INFO] http - OPTIONS /article/banner  200  2 ms
[2020-06-29T07:01:47.211] [INFO] http - OPTIONS /article/getNowBidding  200  0 ms
[2020-06-29T07:01:47.213] [INFO] http - OPTIONS /article/homePage  200  1 ms
[2020-06-29T07:01:47.220] [INFO] http - POST /article/getPcAd  200  3 ms
[2020-06-29T07:01:47.223] [INFO] http - POST /article/banner  200  2 ms
[2020-06-29T07:01:47.229] [INFO] http - POST /login/getUserInfo  200  15 ms
[2020-06-29T07:01:47.244] [INFO] http - POST /article/getNowBidding  200  19 ms
[2020-06-29T07:01:47.249] [INFO] http - POST /article/homePage  200  16 ms
[2020-06-29T07:01:47.555] [WARN] http - GET //headPor/47/1592627418118--1.jpg  304  0 ms
[2020-06-29T07:09:23.817] [INFO] http - OPTIONS /login/testLogin  200  0 ms
[2020-06-29T07:09:23.839] [INFO] http - POST /login/testLogin  200  22 ms
[2020-06-29T07:09:35.987] [INFO] http - OPTIONS /article/publish  200  3 ms
[2020-06-29T07:09:36.023] [INFO] http - POST /article/publish  200  35 ms
[2020-06-29T07:09:37.296] [INFO] http - OPTIONS /article/getNowBidding  200  2 ms
[2020-06-29T07:09:37.299] [INFO] http - OPTIONS /article/homePage  200  2 ms
[2020-06-29T07:09:37.309] [INFO] http - POST /article/getNowBidding  200  9 ms
[2020-06-29T07:09:37.310] [INFO] http - POST /article/homePage  200  7 ms
[2020-06-29T07:11:43.510] [INFO] http - OPTIONS /article/articleAndCol  200  2 ms
[2020-06-29T07:11:43.520] [INFO] http - POST /article/articleAndCol  200  8 ms
[2020-06-29T07:12:53.667] [INFO] http - OPTIONS /article/getNowBiddingPlate  200  2 ms
[2020-06-29T07:12:53.670] [INFO] http - OPTIONS /article/plateAll  200  1 ms
[2020-06-29T07:12:53.679] [INFO] http - POST /article/getNowBiddingPlate  200  7 ms
[2020-06-29T07:12:53.680] [INFO] http - POST /article/plateAll  200  6 ms
[2020-06-29T07:13:03.225] [INFO] http - OPTIONS /article/articleAndCol  200  2 ms
[2020-06-29T07:13:03.233] [INFO] http - POST /article/articleAndCol  200  7 ms
[2020-06-29T07:13:04.510] [INFO] http - POST /article/articleAndCol  200  7 ms
[2020-06-29T07:13:12.177] [INFO] http - OPTIONS /article/read  200  2 ms
[2020-06-29T07:13:12.179] [INFO] http - OPTIONS /article/getCol  200  2 ms
[2020-06-29T07:13:12.181] [INFO] http - OPTIONS /article/getComment  200  2 ms
[2020-06-29T07:13:12.191] [INFO] http - POST /article/read  200  8 ms
[2020-06-29T07:13:12.199] [INFO] http - POST /article/getCol  200  15 ms
[2020-06-29T07:13:12.201] [INFO] http - POST /article/getComment  200  15 ms
[2020-06-29T07:13:12.522] [INFO] http - GET /default.jpg  200  12 ms
[2020-06-29T07:13:49.323] [INFO] http - OPTIONS /article/read  200  1 ms
[2020-06-29T07:13:49.326] [INFO] http - OPTIONS /article/getCol  200  2 ms
[2020-06-29T07:13:49.328] [INFO] http - OPTIONS /article/getComment  200  1 ms
[2020-06-29T07:13:49.339] [INFO] http - POST /article/getCol  200  8 ms
[2020-06-29T07:13:49.340] [INFO] http - POST /article/read  200  12 ms
[2020-06-29T07:13:49.341] [INFO] http - POST /article/getComment  200  8 ms
[2020-06-29T07:14:14.115] [INFO] http - OPTIONS /article/read  200  2 ms
[2020-06-29T07:14:14.117] [INFO] http - OPTIONS /article/getCol  200  2 ms
[2020-06-29T07:14:14.118] [INFO] http - OPTIONS /article/getComment  200  1 ms
[2020-06-29T07:14:14.124] [INFO] http - POST /article/getCol  200  4 ms
[2020-06-29T07:14:14.126] [INFO] http - POST /article/read  200  7 ms
[2020-06-29T07:14:14.128] [INFO] http - POST /article/getComment  200  6 ms
[2020-06-29T07:14:56.906] [INFO] http - OPTIONS /article/getPcAd  200  1 ms
[2020-06-29T07:14:56.908] [INFO] http - OPTIONS /login/getUserInfo  200  1 ms
[2020-06-29T07:14:56.909] [INFO] http - OPTIONS /article/read  200  0 ms
[2020-06-29T07:14:56.911] [INFO] http - OPTIONS /article/getCol  200  1 ms
[2020-06-29T07:14:56.913] [INFO] http - OPTIONS /article/getComment  200  1 ms
[2020-06-29T07:14:56.914] [INFO] http - POST /article/getPcAd  200  1 ms
[2020-06-29T07:14:56.919] [INFO] http - POST /login/getUserInfo  200  4 ms
[2020-06-29T07:14:56.923] [INFO] http - POST /article/read  200  8 ms
[2020-06-29T07:14:56.924] [INFO] http - POST /article/getCol  200  4 ms
[2020-06-29T07:14:56.932] [INFO] http - POST /article/getComment  200  6 ms
[2020-06-29T07:14:57.237] [WARN] http - GET //headPor/47/1592627418118--1.jpg  304  1 ms
[2020-06-29T07:14:57.239] [WARN] http - GET /default.jpg  304  1 ms
[2020-06-29T07:14:59.358] [INFO] http - OPTIONS /article/banner  200  1 ms
[2020-06-29T07:14:59.360] [INFO] http - OPTIONS /article/getNowBidding  200  1 ms
[2020-06-29T07:14:59.362] [INFO] http - OPTIONS /article/homePage  200  1 ms
[2020-06-29T07:14:59.364] [INFO] http - POST /article/banner  200  1 ms
[2020-06-29T07:14:59.377] [INFO] http - POST /article/getNowBidding  200  13 ms
[2020-06-29T07:14:59.380] [INFO] http - POST /article/homePage  200  14 ms
[2020-06-29T07:30:20.355] [INFO] http - OPTIONS /login/getUserInfo  200  4 ms
[2020-06-29T07:30:20.358] [INFO] http - OPTIONS /article/banner  200  1 ms
[2020-06-29T07:30:20.360] [INFO] http - OPTIONS /article/getNowBidding  200  1 ms
[2020-06-29T07:30:20.362] [INFO] http - OPTIONS /article/homePage  200  0 ms
[2020-06-29T07:30:20.367] [INFO] http - POST /login/getUserInfo  200  3 ms
[2020-06-29T07:30:20.370] [INFO] http - POST /article/banner  200  2 ms
[2020-06-29T07:30:20.376] [INFO] http - POST /article/getNowBidding  200  5 ms
[2020-06-29T07:30:20.388] [INFO] http - POST /article/homePage  200  10 ms
[2020-06-29T07:30:20.690] [WARN] http - GET //headPor/47/1592627418118--1.jpg  304  1 ms
[2020-06-29T07:31:18.289] [INFO] http - OPTIONS /article/homePage  200  2 ms
[2020-06-29T07:31:18.296] [INFO] http - POST /article/homePage  200  6 ms
[2020-06-29T07:32:30.749] [INFO] http - OPTIONS /article/homePage  200  1 ms
[2020-06-29T07:32:30.755] [INFO] http - POST /article/homePage  200  4 ms
[2020-06-29T07:32:31.106] [WARN] http - GET //headPor/47/1592627418118--1.jpg  304  1 ms
[2020-06-29T07:32:49.128] [INFO] http - OPTIONS /article/banner  200  1 ms
[2020-06-29T07:32:49.129] [INFO] http - OPTIONS /article/getNowBidding  200  1 ms
[2020-06-29T07:32:49.130] [INFO] http - OPTIONS /article/homePage  200  1 ms
[2020-06-29T07:32:49.132] [INFO] http - POST /article/banner  200  1 ms
[2020-06-29T07:32:49.140] [INFO] http - POST /article/getNowBidding  200  6 ms
[2020-06-29T07:32:49.141] [INFO] http - POST /article/homePage  200  7 ms
[2020-06-29T07:32:51.148] [INFO] http - POST /article/banner  200  2 ms
[2020-06-29T07:32:51.157] [INFO] http - POST /article/getNowBidding  200  8 ms
[2020-06-29T07:32:51.159] [INFO] http - POST /article/homePage  200  9 ms
[2020-06-29T07:32:59.387] [INFO] http - OPTIONS /login/getUserInfo  200  2 ms
[2020-06-29T07:32:59.388] [INFO] http - OPTIONS /article/getPcAd  200  1 ms
[2020-06-29T07:32:59.394] [INFO] http - POST /article/getPcAd  200  2 ms
[2020-06-29T07:32:59.397] [INFO] http - POST /login/getUserInfo  200  7 ms
[2020-06-29T07:32:59.450] [INFO] http - OPTIONS /article/banner  200  1 ms
[2020-06-29T07:32:59.452] [INFO] http - OPTIONS /article/getNowBidding  200  1 ms
[2020-06-29T07:32:59.456] [INFO] http - POST /article/banner  200  2 ms
[2020-06-29T07:32:59.458] [INFO] http - OPTIONS /article/homePage  200  1 ms
[2020-06-29T07:32:59.472] [INFO] http - POST /article/getNowBidding  200  13 ms
[2020-06-29T07:32:59.475] [INFO] http - POST /article/homePage  200  14 ms
[2020-06-29T07:32:59.721] [WARN] http - GET //headPor/47/1592627418118--1.jpg  304  0 ms
[2020-06-29T07:33:44.975] [INFO] http - OPTIONS /article/getNowBidding  200  1 ms
[2020-06-29T07:33:44.976] [INFO] http - OPTIONS /article/banner  200  1 ms
[2020-06-29T07:33:44.982] [INFO] http - POST /article/banner  200  1 ms
[2020-06-29T07:33:44.987] [INFO] http - POST /article/getNowBidding  200  9 ms
[2020-06-29T07:33:48.704] [INFO] http - OPTIONS /login/getUserInfo  200  1 ms
[2020-06-29T07:33:48.706] [INFO] http - OPTIONS /article/getPcAd  200  1 ms
[2020-06-29T07:33:48.710] [INFO] http - POST /article/getPcAd  200  2 ms
[2020-06-29T07:33:48.713] [INFO] http - POST /login/getUserInfo  200  7 ms
[2020-06-29T07:33:49.060] [WARN] http - GET //headPor/47/1592627418118--1.jpg  304  1 ms
[2020-06-29T07:33:50.005] [INFO] http - OPTIONS /article/banner  200  2 ms
[2020-06-29T07:33:50.008] [INFO] http - OPTIONS /article/getNowBidding  200  1 ms
[2020-06-29T07:33:50.009] [INFO] http - OPTIONS /article/homePage  200  1 ms
[2020-06-29T07:33:50.012] [INFO] http - POST /article/banner  200  1 ms
[2020-06-29T07:33:50.026] [INFO] http - POST /article/getNowBidding  200  14 ms
[2020-06-29T07:33:50.027] [INFO] http - POST /article/homePage  200  13 ms
[2020-06-29T07:34:02.334] [INFO] http - OPTIONS /article/banner  200  2 ms
[2020-06-29T07:34:02.335] [INFO] http - OPTIONS /article/getNowBidding  200  1 ms
[2020-06-29T07:34:02.339] [INFO] http - OPTIONS /article/homePage  200  2 ms
[2020-06-29T07:34:02.343] [INFO] http - POST /article/banner  200  2 ms
[2020-06-29T07:34:02.353] [INFO] http - POST /article/getNowBidding  200  10 ms
[2020-06-29T07:34:02.354] [INFO] http - POST /article/homePage  200  8 ms
[2020-06-29T07:35:25.315] [INFO] http - OPTIONS /user/folAndFans  200  3 ms
[2020-06-29T07:35:25.337] [INFO] http - POST /user/folAndFans  200  20 ms
[2020-06-29T07:35:25.358] [INFO] http - POST /user/folAndFans  200  4 ms
[2020-06-29T07:35:27.059] [INFO] http - OPTIONS /article/articleAndCol  200  2 ms
[2020-06-29T07:35:27.067] [INFO] http - POST /article/articleAndCol  200  7 ms
[2020-06-29T07:37:19.614] [INFO] http - OPTIONS /article/getNowBiddingPlate  200  1 ms
[2020-06-29T07:37:19.618] [INFO] http - OPTIONS /article/plateAll  200  1 ms
[2020-06-29T07:37:19.626] [INFO] http - POST /article/getNowBiddingPlate  200  7 ms
[2020-06-29T07:37:19.627] [INFO] http - POST /article/plateAll  200  7 ms
[2020-06-29T07:37:25.002] [INFO] http - OPTIONS /article/read  200  2 ms
[2020-06-29T07:37:25.005] [INFO] http - OPTIONS /article/getCol  200  2 ms
[2020-06-29T07:37:25.006] [INFO] http - OPTIONS /article/getComment  200  1 ms
[2020-06-29T07:37:25.014] [INFO] http - POST /article/getCol  200  5 ms
[2020-06-29T07:37:25.016] [INFO] http - POST /article/read  200  9 ms
[2020-06-29T07:37:25.018] [INFO] http - POST /article/getComment  200  6 ms
[2020-06-29T07:37:25.942] [INFO] http - OPTIONS /article/getReward  200  1 ms
[2020-06-29T07:37:25.955] [INFO] http - POST /article/getReward  200  11 ms
[2020-06-29T07:37:46.633] [INFO] http - OPTIONS /article/homePage  200  1 ms
[2020-06-29T07:37:46.642] [INFO] http - POST /article/homePage  200  6 ms
[2020-06-29T07:37:50.367] [INFO] http - OPTIONS /article/getNowBidding  200  1 ms
[2020-06-29T07:37:50.369] [INFO] http - OPTIONS /article/homePage  200  1 ms
[2020-06-29T07:37:50.379] [INFO] http - POST /article/getNowBidding  200  9 ms
[2020-06-29T07:37:50.381] [INFO] http - POST /article/homePage  200  9 ms
[2020-06-29T07:37:51.751] [INFO] http - POST /article/getNowBidding  200  7 ms
[2020-06-29T07:37:51.753] [INFO] http - POST /article/homePage  200  7 ms
[2020-06-29T12:36:23.544] [INFO] http - OPTIONS /login/getUserInfo  200  8 ms
[2020-06-29T12:36:23.547] [INFO] http - OPTIONS /article/banner  200  2 ms
[2020-06-29T12:36:23.549] [INFO] http - OPTIONS /article/getNowBidding  200  1 ms
[2020-06-29T12:36:23.551] [INFO] http - OPTIONS /article/homePage  200  1 ms
[2020-06-29T12:36:23.641] [INFO] http - POST /article/banner  200  2 ms
[2020-06-29T12:36:23.659] [INFO] http - POST /login/getUserInfo  200  107 ms
[2020-06-29T12:36:23.677] [INFO] http - POST /article/homePage  200  31 ms
[2020-06-29T12:36:23.681] [INFO] http - POST /article/getNowBidding  200  39 ms
[2020-06-29T12:36:23.994] [INFO] http - GET //headPor/47/1592627418118--1.jpg  200  6 ms
[2020-06-29T12:37:03.356] [ERROR] http - GET //headPor/47u1591512029014u=1161383080,3513417242&fm=191&app=48&size=h300&n=0&g=4n&f=JPEG.jpg  404  4 ms
[2020-06-29T12:37:03.357] [INFO] http - GET /default.jpg  200  5 ms
[2020-06-29T12:37:27.273] [INFO] http - OPTIONS /login/getUserInfo  200  2 ms
[2020-06-29T12:37:27.273] [INFO] http - OPTIONS /article/getPcAd  200  0 ms
[2020-06-29T12:37:27.279] [INFO] http - OPTIONS /article/banner  200  2 ms
[2020-06-29T12:37:27.283] [INFO] http - OPTIONS /article/getNowBidding  200  3 ms
[2020-06-29T12:37:27.285] [INFO] http - OPTIONS /article/homePage  200  2 ms
[2020-06-29T12:37:27.289] [INFO] http - POST /article/getPcAd  200  0 ms
[2020-06-29T12:37:27.289] [INFO] http - POST /article/banner  200  0 ms
[2020-06-29T12:37:27.300] [INFO] http - POST /login/getUserInfo  200  13 ms
[2020-06-29T12:37:27.308] [INFO] http - POST /article/getNowBidding  200  15 ms
[2020-06-29T12:37:27.311] [INFO] http - POST /article/homePage  200  9 ms
[2020-06-29T12:37:27.623] [WARN] http - GET //headPor/47/1592627418118--1.jpg  304  2 ms
[2020-06-29T12:40:29.775] [INFO] http - OPTIONS /article/homePage  200  1 ms
[2020-06-29T12:40:29.783] [INFO] http - POST /article/homePage  200  6 ms
[2020-06-29T12:40:57.189] [WARN] http - GET /default.jpg  304  1 ms
[2020-06-29T12:40:57.194] [ERROR] http - GET //headPor/47u1591512029014u=1161383080,3513417242&fm=191&app=48&size=h300&n=0&g=4n&f=JPEG.jpg  404  4 ms
[2020-06-29T12:59:23.900] [INFO] http - OPTIONS /login/getUserInfo  200  6 ms
[2020-06-29T12:59:23.903] [INFO] http - OPTIONS /article/banner  200  1 ms
[2020-06-29T12:59:23.905] [INFO] http - OPTIONS /article/getNowBidding  200  1 ms
[2020-06-29T12:59:23.907] [INFO] http - OPTIONS /article/homePage  200  1 ms
[2020-06-29T12:59:23.995] [INFO] http - POST /article/banner  200  2 ms
[2020-06-29T12:59:24.010] [INFO] http - POST /login/getUserInfo  200  101 ms
[2020-06-29T12:59:24.036] [INFO] http - POST /article/getNowBidding  200  40 ms
[2020-06-29T12:59:24.040] [INFO] http - POST /article/homePage  200  42 ms
[2020-06-29T12:59:24.350] [WARN] http - GET //headPor/47/1592627418118--1.jpg  304  2 ms
[2020-06-29T12:59:32.178] [INFO] http - OPTIONS /article/publish  200  3 ms
[2020-06-29T12:59:32.216] [INFO] http - POST /article/publish  200  37 ms
[2020-06-29T12:59:34.144] [INFO] http - OPTIONS /article/getNowBidding  200  3 ms
[2020-06-29T12:59:34.146] [INFO] http - OPTIONS /article/homePage  200  1 ms
[2020-06-29T12:59:34.158] [INFO] http - POST /article/getNowBidding  200  11 ms
[2020-06-29T12:59:34.160] [INFO] http - POST /article/homePage  200  12 ms
[2020-06-29T13:02:46.807] [INFO] http - OPTIONS /login/getUserInfo  200  3 ms
[2020-06-29T13:02:46.810] [INFO] http - OPTIONS /article/banner  200  1 ms
[2020-06-29T13:02:46.813] [INFO] http - OPTIONS /article/getNowBidding  200  1 ms
[2020-06-29T13:02:46.816] [INFO] http - OPTIONS /article/homePage  200  1 ms
[2020-06-29T13:02:46.822] [INFO] http - POST /login/getUserInfo  200  3 ms
[2020-06-29T13:02:46.827] [INFO] http - POST /article/banner  200  4 ms
[2020-06-29T13:02:46.839] [INFO] http - POST /article/getNowBidding  200  11 ms
[2020-06-29T13:02:46.849] [INFO] http - POST /article/homePage  200  8 ms
[2020-06-29T13:02:47.146] [WARN] http - GET //headPor/47/1592627418118--1.jpg  304  1 ms
[2020-06-29T13:03:09.846] [INFO] http - OPTIONS /article/homePage  200  2 ms
[2020-06-29T13:03:09.856] [INFO] http - POST /article/homePage  200  8 ms
[2020-06-29T13:34:09.059] [INFO] http - OPTIONS /login/getUserInfo  200  6 ms
[2020-06-29T13:34:09.161] [INFO] http - POST /login/getUserInfo  200  100 ms
[2020-06-29T13:34:09.480] [WARN] http - GET //headPor/47/1592627418118--1.jpg  304  3 ms
[2020-06-29T13:34:14.335] [INFO] http - OPTIONS /article/editorImg  200  2 ms
[2020-06-29T13:34:14.341] [INFO] http - POST /article/editorImg  200  5 ms
[2020-06-29T13:34:14.355] [INFO] http - GET //articleImgs/47/1593408854341--W020200601359603900957.jpg  200  2 ms
[2020-06-29T13:34:16.784] [INFO] http - OPTIONS /article/publish  200  3 ms
[2020-06-29T13:34:16.816] [INFO] http - POST /article/publish  200  31 ms
[2020-06-29T13:34:18.082] [INFO] http - OPTIONS /article/banner  200  3 ms
[2020-06-29T13:34:18.087] [INFO] http - OPTIONS /article/getNowBidding  200  2 ms
[2020-06-29T13:34:18.094] [INFO] http - OPTIONS /article/homePage  200  6 ms
[2020-06-29T13:34:18.098] [INFO] http - POST /article/banner  200  3 ms
[2020-06-29T13:34:18.128] [INFO] http - POST /article/getNowBidding  200  27 ms
[2020-06-29T13:34:18.132] [INFO] http - POST /article/homePage  200  33 ms
[2020-06-29T13:34:18.824] [INFO] http - POST /article/getNowBidding  200  14 ms
[2020-06-29T13:34:18.826] [INFO] http - POST /article/homePage  200  12 ms
[2020-06-29T13:34:21.208] [INFO] http - OPTIONS /article/read  200  3 ms
[2020-06-29T13:34:21.212] [INFO] http - OPTIONS /article/getCol  200  3 ms
[2020-06-29T13:34:21.216] [INFO] http - OPTIONS /article/getComment  200  3 ms
[2020-06-29T13:34:21.229] [INFO] http - POST /article/getCol  200  8 ms
[2020-06-29T13:34:21.233] [INFO] http - POST /article/read  200  15 ms
[2020-06-29T13:34:21.235] [INFO] http - POST /article/getComment  200  13 ms
[2020-06-29T13:34:23.747] [INFO] http - POST /article/getCol  200  9 ms
[2020-06-29T13:34:23.749] [INFO] http - POST /article/read  200  14 ms
[2020-06-29T13:34:23.751] [INFO] http - POST /article/getComment  200  10 ms
