[2020-06-30T08:51:29.233] [INFO] http - OPTIONS /login/getUserInfo  200  6 ms
[2020-06-30T08:51:29.237] [INFO] http - OPTIONS /article/banner  200  1 ms
[2020-06-30T08:51:29.241] [INFO] http - OPTIONS /article/getNowBidding  200  1 ms
[2020-06-30T08:51:29.245] [INFO] http - OPTIONS /article/homePage  200  2 ms
[2020-06-30T08:51:29.374] [INFO] http - POST /article/banner  200  3 ms
[2020-06-30T08:51:29.444] [INFO] http - POST /login/getUserInfo  200  196 ms
[2020-06-30T08:51:29.474] [INFO] http - POST /article/getNowBidding  200  98 ms
[2020-06-30T08:51:29.476] [INFO] http - POST /article/homePage  200  97 ms
[2020-06-30T08:51:29.771] [INFO] http - GET //headPor/47/1592627418118--1.jpg  200  4 ms
[2020-06-30T08:51:29.775] [INFO] http - GET //articleImgs/47/1593408854341--W020200601359603900957.jpg  200  2 ms
[2020-06-30T08:58:14.467] [INFO] http - OPTIONS /article/getNowBidding  200  4 ms
[2020-06-30T08:58:14.469] [INFO] http - OPTIONS /article/homePage  200  1 ms
[2020-06-30T08:58:14.561] [INFO] http - POST /article/getNowBidding  200  91 ms
[2020-06-30T08:58:14.564] [INFO] http - POST /article/homePage  200  21 ms
[2020-06-30T08:58:16.274] [INFO] http - OPTIONS /article/getNowBiddingPlate  200  2 ms
[2020-06-30T08:58:16.280] [INFO] http - OPTIONS /article/plateAll  200  2 ms
[2020-06-30T08:58:16.290] [INFO] http - POST /article/getNowBiddingPlate  200  14 ms
[2020-06-30T08:58:16.300] [INFO] http - POST /article/plateAll  200  18 ms
[2020-06-30T08:58:18.555] [INFO] http - POST /article/plateAll  200  7 ms
[2020-06-30T08:58:19.201] [INFO] http - POST /article/plateAll  200  3 ms
[2020-06-30T08:58:20.262] [INFO] http - POST /article/plateAll  200  4 ms
[2020-06-30T08:58:21.727] [INFO] http - OPTIONS /article/getNowBidding  200  2 ms
[2020-06-30T08:58:21.730] [INFO] http - OPTIONS /article/homePage  200  2 ms
[2020-06-30T08:58:21.740] [INFO] http - POST /article/getNowBidding  200  9 ms
[2020-06-30T08:58:21.742] [INFO] http - POST /article/homePage  200  9 ms
[2020-06-30T08:58:22.948] [INFO] http - POST /article/getNowBidding  200  10 ms
[2020-06-30T08:58:22.949] [INFO] http - POST /article/homePage  200  9 ms
[2020-06-30T08:58:24.381] [INFO] http - POST /article/getNowBidding  200  11 ms
[2020-06-30T08:58:24.382] [INFO] http - POST /article/homePage  200  10 ms
[2020-06-30T08:58:25.732] [INFO] http - POST /article/getNowBidding  200  9 ms
[2020-06-30T08:58:25.733] [INFO] http - POST /article/homePage  200  8 ms
[2020-06-30T09:03:30.464] [INFO] http - OPTIONS /login/getUserInfo  200  4 ms
[2020-06-30T09:03:30.467] [INFO] http - OPTIONS /article/banner  200  2 ms
[2020-06-30T09:03:30.471] [INFO] http - OPTIONS /article/getNowBidding  200  2 ms
[2020-06-30T09:03:30.473] [INFO] http - OPTIONS /article/homePage  200  1 ms
[2020-06-30T09:03:30.592] [INFO] http - POST /article/banner  200  5 ms
[2020-06-30T09:03:30.615] [INFO] http - POST /login/getUserInfo  200  141 ms
[2020-06-30T09:03:30.646] [INFO] http - POST /article/homePage  200  50 ms
[2020-06-30T09:03:30.651] [INFO] http - POST /article/getNowBidding  200  57 ms
[2020-06-30T09:03:30.935] [WARN] http - GET //headPor/47/1592627418118--1.jpg  304  2 ms
[2020-06-30T09:03:30.938] [WARN] http - GET //articleImgs/47/1593408854341--W020200601359603900957.jpg  304  1 ms
[2020-06-30T09:03:31.302] [INFO] http - OPTIONS /article/getNowBiddingPlate  200  3 ms
[2020-06-30T09:03:31.309] [INFO] http - OPTIONS /article/plateAll  200  1 ms
[2020-06-30T09:03:31.323] [INFO] http - POST /article/getNowBiddingPlate  200  19 ms
[2020-06-30T09:03:31.326] [INFO] http - POST /article/plateAll  200  15 ms
[2020-06-30T09:03:32.313] [INFO] http - POST /article/plateAll  200  7 ms
[2020-06-30T09:03:33.088] [INFO] http - POST /article/plateAll  200  5 ms
[2020-06-30T09:11:48.496] [INFO] http - OPTIONS /article/getNowBiddingPlate  200  5 ms
[2020-06-30T09:11:48.499] [INFO] http - OPTIONS /article/plateAll  200  1 ms
[2020-06-30T09:11:48.600] [INFO] http - POST /article/plateAll  200  19 ms
[2020-06-30T09:11:48.602] [INFO] http - POST /article/getNowBiddingPlate  200  102 ms
[2020-06-30T09:11:49.390] [INFO] http - POST /article/plateAll  200  6 ms
[2020-06-30T09:11:49.884] [INFO] http - POST /article/plateAll  200  5 ms
[2020-06-30T09:11:50.318] [INFO] http - POST /article/plateAll  200  6 ms
[2020-06-30T09:11:52.154] [INFO] http - POST /article/getNowBiddingPlate  200  7 ms
[2020-06-30T09:11:52.156] [INFO] http - POST /article/plateAll  200  6 ms
[2020-06-30T09:11:56.424] [INFO] http - OPTIONS /article/search  200  2 ms
[2020-06-30T09:11:56.442] [INFO] http - POST /article/search  200  16 ms
[2020-06-30T09:11:59.545] [INFO] http - POST /article/search  200  4 ms
[2020-06-30T09:12:01.358] [INFO] http - OPTIONS /article/getNowBidding  200  3 ms
[2020-06-30T09:12:01.361] [INFO] http - OPTIONS /article/homePage  200  3 ms
[2020-06-30T09:12:01.377] [INFO] http - POST /article/homePage  200  11 ms
[2020-06-30T09:12:01.382] [INFO] http - POST /article/getNowBidding  200  20 ms
[2020-06-30T09:12:03.791] [INFO] http - POST /article/getNowBidding  200  11 ms
[2020-06-30T09:12:03.796] [INFO] http - POST /article/homePage  200  13 ms
[2020-06-30T09:28:43.217] [INFO] http - OPTIONS /login/getUserInfo  200  3 ms
[2020-06-30T09:28:43.220] [INFO] http - OPTIONS /article/banner  200  2 ms
[2020-06-30T09:28:43.223] [INFO] http - OPTIONS /article/getNowBidding  200  1 ms
[2020-06-30T09:28:43.225] [INFO] http - OPTIONS /article/homePage  200  1 ms
[2020-06-30T09:28:43.330] [INFO] http - POST /article/banner  200  7 ms
[2020-06-30T09:28:43.348] [INFO] http - POST /login/getUserInfo  200  121 ms
[2020-06-30T09:28:43.379] [INFO] http - POST /article/homePage  200  45 ms
[2020-06-30T09:28:43.382] [INFO] http - POST /article/getNowBidding  200  51 ms
[2020-06-30T09:28:43.679] [WARN] http - GET //headPor/47/1592627418118--1.jpg  304  2 ms
[2020-06-30T09:28:43.682] [WARN] http - GET //articleImgs/47/1593408854341--W020200601359603900957.jpg  304  1 ms
[2020-06-30T09:28:47.616] [INFO] http - OPTIONS /article/articleAndCol  200  6 ms
[2020-06-30T09:28:47.639] [INFO] http - POST /article/articleAndCol  200  20 ms
[2020-06-30T09:28:48.965] [INFO] http - POST /article/articleAndCol  200  12 ms
[2020-06-30T09:28:52.711] [INFO] http - OPTIONS /article/homePage  200  3 ms
[2020-06-30T09:28:52.720] [INFO] http - POST /article/homePage  200  7 ms
[2020-06-30T09:28:53.749] [INFO] http - POST /article/homePage  200  8 ms
[2020-06-30T09:28:54.654] [INFO] http - POST /article/homePage  200  10 ms
[2020-06-30T09:28:54.990] [INFO] http - GET //articleImgs/47/1592711228880--29u1585538307113W020191220372106011071.jpg  200  8 ms
[2020-06-30T09:28:54.993] [INFO] http - GET //articleImgs/47u1592625332227u=1161383080,3513417242&fm=191&app=48&size=h300&n=0&g=4n&f=JPEG.jpg  200  10 ms
[2020-06-30T09:28:54.996] [INFO] http - GET //articleImgs/47/1592712342936--29u1585538307113W020191220372106011071.jpg  200  13 ms
[2020-06-30T09:28:54.998] [INFO] http - GET //articleImgs/47/u=1161383080,3513417242&fm=191&app=48&size=h300&n=0&g=4n&f=JPEG.jpg  200  14 ms
[2020-06-30T09:28:54.999] [INFO] http - GET //articleImgs/47u1592625455846Screenshot_20200403_141240_com.huluxia.gametools.jpg  200  16 ms
[2020-06-30T09:28:55.002] [INFO] http - GET //articleImgs/47/Screenshot_20200403_141240_com.huluxia.gametools.jpg  200  19 ms
[2020-06-30T09:28:55.004] [INFO] http - GET //articleImgs/47/1.jpg  200  5 ms
[2020-06-30T09:28:55.818] [INFO] http - POST /article/homePage  200  9 ms
[2020-06-30T09:28:55.855] [INFO] http - GET /default.jpg  200  1 ms
[2020-06-30T09:28:57.033] [INFO] http - POST /article/homePage  200  7 ms
[2020-06-30T09:28:57.950] [INFO] http - OPTIONS /article/homePage  200  3 ms
[2020-06-30T09:28:57.958] [INFO] http - POST /article/homePage  200  5 ms
[2020-06-30T09:28:58.930] [INFO] http - POST /article/homePage  200  18 ms
[2020-06-30T09:28:59.911] [INFO] http - POST /article/homePage  200  16 ms
[2020-06-30T09:29:01.420] [INFO] http - OPTIONS /article/read  200  4 ms
[2020-06-30T09:29:01.423] [INFO] http - OPTIONS /article/getCol  200  2 ms
[2020-06-30T09:29:01.426] [INFO] http - OPTIONS /article/getComment  200  2 ms
[2020-06-30T09:29:01.439] [INFO] http - POST /article/getCol  200  9 ms
[2020-06-30T09:29:01.443] [INFO] http - POST /article/read  200  16 ms
[2020-06-30T09:29:01.446] [INFO] http - POST /article/getComment  200  6 ms
[2020-06-30T09:29:02.386] [INFO] http - OPTIONS /user/otherUser  200  3 ms
[2020-06-30T09:29:02.389] [INFO] http - OPTIONS /user/getFollow  200  2 ms
[2020-06-30T09:29:02.400] [INFO] http - POST /user/otherUser  200  10 ms
[2020-06-30T09:29:02.402] [INFO] http - POST /user/getFollow  200  10 ms
[2020-06-30T09:29:03.670] [INFO] http - OPTIONS /article/articleAndColForOther  200  5 ms
[2020-06-30T09:29:03.678] [INFO] http - POST /article/articleAndColForOther  200  6 ms
[2020-06-30T09:29:08.481] [INFO] http - OPTIONS /article/articleAndCol  200  4 ms
[2020-06-30T09:29:08.491] [INFO] http - POST /article/articleAndCol  200  8 ms
[2020-06-30T09:29:09.811] [INFO] http - POST /article/articleAndCol  200  12 ms
[2020-06-30T09:29:10.770] [INFO] http - POST /article/articleAndCol  200  9 ms
[2020-06-30T09:29:12.041] [INFO] http - POST /article/articleAndCol  200  8 ms
[2020-06-30T09:38:50.299] [INFO] http - OPTIONS /user/info  200  6 ms
[2020-06-30T09:38:50.303] [INFO] http - OPTIONS /user/info  200  2 ms
[2020-06-30T09:38:50.424] [INFO] http - POST /user/info  200  120 ms
[2020-06-30T09:38:50.427] [INFO] http - POST /user/info  200  46 ms
[2020-06-30T09:38:52.306] [INFO] http - POST /user/info  200  22 ms
[2020-06-30T09:38:52.643] [INFO] http - GET //headPor/91/1592630777322--29u1585538307113W020191220372106011071.jpg  200  13 ms
[2020-06-30T09:38:53.482] [INFO] http - POST /user/info  200  15 ms
[2020-06-30T09:38:54.535] [INFO] http - POST /user/info  200  17 ms
[2020-06-30T09:38:56.205] [INFO] http - OPTIONS /user/info  200  3 ms
[2020-06-30T09:38:56.219] [INFO] http - POST /user/info  200  12 ms
[2020-06-30T09:38:58.280] [INFO] http - OPTIONS /article/getNowBidding  200  4 ms
[2020-06-30T09:38:58.284] [INFO] http - OPTIONS /article/homePage  200  2 ms
[2020-06-30T09:38:58.299] [INFO] http - POST /article/getNowBidding  200  14 ms
[2020-06-30T09:38:58.301] [INFO] http - POST /article/homePage  200  15 ms
[2020-06-30T09:54:39.215] [INFO] http - OPTIONS /article/getNowBidding  200  4 ms
[2020-06-30T09:54:39.219] [INFO] http - OPTIONS /article/homePage  200  1 ms
[2020-06-30T09:54:39.310] [INFO] http - POST /article/getNowBidding  200  90 ms
[2020-06-30T09:54:39.313] [INFO] http - POST /article/homePage  200  20 ms
[2020-06-30T09:54:41.891] [INFO] http - OPTIONS /article/getNowBiddingPlate  200  5 ms
[2020-06-30T09:54:41.906] [INFO] http - OPTIONS /article/plateAll  200  2 ms
[2020-06-30T09:54:41.912] [INFO] http - POST /article/getNowBiddingPlate  200  19 ms
[2020-06-30T09:54:41.917] [INFO] http - POST /article/plateAll  200  10 ms
[2020-06-30T09:54:42.730] [INFO] http - POST /article/getNowBiddingPlate  200  17 ms
[2020-06-30T09:54:42.732] [INFO] http - POST /article/plateAll  200  15 ms
[2020-06-30T09:54:46.443] [INFO] http - OPTIONS /article/search  200  3 ms
[2020-06-30T09:54:46.451] [INFO] http - POST /article/search  200  7 ms
[2020-06-30T09:54:47.976] [INFO] http - OPTIONS /article/articleAndCol  200  3 ms
[2020-06-30T09:54:47.984] [INFO] http - POST /article/articleAndCol  200  7 ms
[2020-06-30T09:54:50.350] [INFO] http - POST /article/articleAndCol  200  10 ms
[2020-06-30T09:54:52.406] [INFO] http - POST /article/articleAndCol  200  9 ms
[2020-06-30T09:54:53.092] [INFO] http - OPTIONS /article/read  200  5 ms
[2020-06-30T09:54:53.098] [INFO] http - OPTIONS /article/getCol  200  3 ms
[2020-06-30T09:54:53.101] [INFO] http - OPTIONS /article/getComment  200  1 ms
[2020-06-30T09:54:53.106] [INFO] http - POST /article/read  200  4 ms
[2020-06-30T09:54:53.114] [INFO] http - POST /article/getCol  200  5 ms
[2020-06-30T09:54:53.120] [INFO] http - POST /article/getComment  200  5 ms
[2020-06-30T09:54:53.734] [INFO] http - OPTIONS /user/otherUser  200  3 ms
[2020-06-30T09:54:53.739] [INFO] http - OPTIONS /user/getFollow  200  4 ms
[2020-06-30T09:54:53.746] [INFO] http - POST /user/otherUser  200  7 ms
[2020-06-30T09:54:53.748] [INFO] http - POST /user/getFollow  200  6 ms
[2020-06-30T09:54:54.816] [INFO] http - OPTIONS /article/articleAndColForOther  200  3 ms
[2020-06-30T09:54:54.827] [INFO] http - POST /article/articleAndColForOther  200  7 ms
[2020-06-30T09:54:56.537] [INFO] http - POST /article/articleAndColForOther  200  7 ms
[2020-06-30T09:55:04.853] [INFO] http - OPTIONS /user/info  200  4 ms
[2020-06-30T09:55:04.871] [INFO] http - POST /user/info  200  16 ms
[2020-06-30T09:56:06.942] [INFO] http - OPTIONS /user/info  200  6 ms
[2020-06-30T09:56:07.034] [INFO] http - POST /user/info  200  91 ms
[2020-06-30T12:28:18.475] [INFO] http - OPTIONS /login/getUserInfo  200  5 ms
[2020-06-30T12:28:18.479] [INFO] http - OPTIONS /article/banner  200  2 ms
[2020-06-30T12:28:18.482] [INFO] http - OPTIONS /article/getNowBidding  200  1 ms
[2020-06-30T12:28:18.485] [INFO] http - OPTIONS /article/homePage  200  2 ms
[2020-06-30T12:28:18.580] [INFO] http - POST /article/banner  200  3 ms
[2020-06-30T12:28:18.604] [INFO] http - POST /login/getUserInfo  200  117 ms
[2020-06-30T12:28:18.645] [INFO] http - POST /article/homePage  200  61 ms
[2020-06-30T12:28:18.649] [INFO] http - POST /article/getNowBidding  200  67 ms
[2020-06-30T12:28:18.927] [WARN] http - GET //headPor/47/1592627418118--1.jpg  304  2 ms
[2020-06-30T12:28:18.929] [WARN] http - GET //articleImgs/47/1593408854341--W020200601359603900957.jpg  304  1 ms
[2020-06-30T12:28:21.082] [INFO] http - OPTIONS /article/read  200  3 ms
[2020-06-30T12:28:21.086] [INFO] http - OPTIONS /article/getCol  200  3 ms
[2020-06-30T12:28:21.089] [INFO] http - OPTIONS /article/getComment  200  2 ms
[2020-06-30T12:28:21.101] [INFO] http - POST /article/getCol  200  7 ms
[2020-06-30T12:28:21.111] [INFO] http - POST /article/getComment  200  14 ms
[2020-06-30T12:28:21.114] [INFO] http - POST /article/read  200  23 ms
[2020-06-30T12:28:26.116] [INFO] http - OPTIONS /article/read  200  3 ms
[2020-06-30T12:28:26.120] [INFO] http - OPTIONS /article/getCol  200  2 ms
[2020-06-30T12:28:26.123] [INFO] http - OPTIONS /article/getComment  200  1 ms
[2020-06-30T12:28:26.137] [INFO] http - POST /article/getCol  200  9 ms
[2020-06-30T12:28:26.141] [INFO] http - POST /article/read  200  15 ms
[2020-06-30T12:28:26.144] [INFO] http - POST /article/getComment  200  13 ms
[2020-06-30T12:28:31.275] [INFO] http - OPTIONS /article/comment  200  3 ms
[2020-06-30T12:28:31.293] [INFO] http - POST /article/comment  200  17 ms
[2020-06-30T12:28:34.408] [INFO] http - OPTIONS /login/getUserInfo  200  3 ms
[2020-06-30T12:28:34.417] [INFO] http - POST /login/getUserInfo  200  7 ms
[2020-06-30T12:28:34.485] [INFO] http - OPTIONS /article/read  200  4 ms
[2020-06-30T12:28:34.487] [INFO] http - OPTIONS /article/getCol  200  2 ms
[2020-06-30T12:28:34.491] [INFO] http - OPTIONS /article/getComment  200  1 ms
[2020-06-30T12:28:34.507] [INFO] http - POST /article/getCol  200  10 ms
[2020-06-30T12:28:34.515] [INFO] http - POST /article/read  200  19 ms
[2020-06-30T12:28:34.518] [INFO] http - POST /article/getComment  200  25 ms
[2020-06-30T12:28:34.800] [WARN] http - GET //headPor/47/1592627418118--1.jpg  304  1 ms
[2020-06-30T12:28:34.803] [WARN] http - GET //articleImgs/47/1593408854341--W020200601359603900957.jpg  304  2 ms
[2020-06-30T12:32:48.892] [INFO] http - OPTIONS /article/banner  200  4 ms
[2020-06-30T12:32:48.895] [INFO] http - OPTIONS /article/getNowBidding  200  1 ms
[2020-06-30T12:32:48.896] [INFO] http - OPTIONS /article/homePage  200  1 ms
[2020-06-30T12:32:48.911] [INFO] http - POST /article/banner  200  14 ms
[2020-06-30T12:32:49.007] [INFO] http - POST /article/getNowBidding  200  95 ms
[2020-06-30T12:32:49.012] [INFO] http - POST /article/homePage  200  27 ms
[2020-06-30T12:32:50.178] [INFO] http - OPTIONS /article/read  200  4 ms
[2020-06-30T12:32:50.182] [INFO] http - OPTIONS /article/getCol  200  3 ms
[2020-06-30T12:32:50.185] [INFO] http - OPTIONS /article/getComment  200  2 ms
[2020-06-30T12:32:50.197] [INFO] http - POST /article/getCol  200  7 ms
[2020-06-30T12:32:50.199] [INFO] http - POST /article/read  200  12 ms
[2020-06-30T12:32:50.201] [INFO] http - POST /article/getComment  200  9 ms
[2020-06-30T12:32:54.172] [INFO] http - POST /article/getCol  200  6 ms
[2020-06-30T12:32:54.175] [INFO] http - POST /article/read  200  13 ms
[2020-06-30T12:32:54.177] [INFO] http - POST /article/getComment  200  7 ms
[2020-06-30T12:32:57.418] [INFO] http - OPTIONS /article/read  200  4 ms
[2020-06-30T12:32:57.422] [INFO] http - OPTIONS /article/getCol  200  3 ms
[2020-06-30T12:32:57.425] [INFO] http - OPTIONS /article/getComment  200  2 ms
[2020-06-30T12:32:57.434] [INFO] http - POST /article/getCol  200  5 ms
[2020-06-30T12:32:57.436] [INFO] http - POST /article/read  200  9 ms
[2020-06-30T12:32:57.438] [INFO] http - POST /article/getComment  200  7 ms
[2020-06-30T12:38:31.419] [INFO] http - OPTIONS /login/getUserInfo  200  4 ms
[2020-06-30T12:38:31.423] [INFO] http - OPTIONS /article/read  200  2 ms
[2020-06-30T12:38:31.427] [INFO] http - OPTIONS /article/getCol  200  2 ms
[2020-06-30T12:38:31.429] [INFO] http - OPTIONS /article/getComment  200  1 ms
[2020-06-30T12:38:31.537] [INFO] http - POST /login/getUserInfo  200  107 ms
[2020-06-30T12:38:31.544] [INFO] http - POST /article/getCol  200  26 ms
[2020-06-30T12:38:31.549] [INFO] http - POST /article/getComment  200  29 ms
[2020-06-30T12:38:31.552] [INFO] http - POST /article/read  200  38 ms
[2020-06-30T12:38:31.867] [WARN] http - GET //articleImgs/47/1593408854341--W020200601359603900957.jpg  304  2 ms
[2020-06-30T12:38:31.869] [WARN] http - GET //headPor/47/1592627418118--1.jpg  304  1 ms
[2020-06-30T12:38:36.515] [INFO] http - OPTIONS /login/getUserInfo  200  4 ms
[2020-06-30T12:38:36.525] [INFO] http - POST /login/getUserInfo  200  8 ms
[2020-06-30T12:38:36.574] [INFO] http - OPTIONS /article/read  200  4 ms
[2020-06-30T12:38:36.578] [INFO] http - OPTIONS /article/getCol  200  3 ms
[2020-06-30T12:38:36.582] [INFO] http - OPTIONS /article/getComment  200  3 ms
[2020-06-30T12:38:36.606] [INFO] http - POST /article/getCol  200  19 ms
[2020-06-30T12:38:36.610] [WARN] http - GET //headPor/47/1592627418118--1.jpg  304  3 ms
[2020-06-30T12:38:36.614] [INFO] http - POST /article/read  200  31 ms
[2020-06-30T12:38:36.617] [INFO] http - POST /article/getComment  200  27 ms
[2020-06-30T12:38:36.635] [WARN] http - GET //articleImgs/47/1593408854341--W020200601359603900957.jpg  304  1 ms
[2020-06-30T12:49:26.189] [INFO] http - OPTIONS /article/comment  200  5 ms
[2020-06-30T12:49:26.300] [INFO] http - POST /article/comment  200  109 ms
[2020-06-30T12:49:32.485] [INFO] http - OPTIONS /article/comment  200  3 ms
[2020-06-30T12:49:32.512] [INFO] http - POST /article/comment  200  26 ms
[2020-06-30T12:56:46.213] [INFO] http - OPTIONS /article/col  200  0 ms
[2020-06-30T12:56:46.299] [INFO] http - POST /article/col  200  86 ms
[2020-06-30T12:56:47.951] [INFO] http - OPTIONS /article/banner  200  2 ms
[2020-06-30T12:56:47.954] [INFO] http - OPTIONS /article/getNowBidding  200  2 ms
[2020-06-30T12:56:47.958] [INFO] http - OPTIONS /article/homePage  200  3 ms
[2020-06-30T12:56:47.971] [INFO] http - POST /article/banner  200  6 ms
[2020-06-30T12:56:48.001] [INFO] http - POST /article/homePage  200  40 ms
[2020-06-30T12:56:48.008] [INFO] http - POST /article/getNowBidding  200  34 ms
[2020-06-30T12:56:49.129] [INFO] http - OPTIONS /article/read  200  3 ms
[2020-06-30T12:56:49.133] [INFO] http - OPTIONS /article/getCol  200  3 ms
[2020-06-30T12:56:49.136] [INFO] http - OPTIONS /article/getComment  200  2 ms
[2020-06-30T12:56:49.146] [INFO] http - POST /article/getCol  200  5 ms
[2020-06-30T12:56:49.149] [INFO] http - POST /article/read  200  11 ms
[2020-06-30T12:56:49.152] [INFO] http - POST /article/getComment  200  9 ms
[2020-06-30T12:56:50.190] [INFO] http - POST /article/col  200  19 ms
[2020-06-30T12:56:50.926] [INFO] http - POST /article/col  200  19 ms
[2020-06-30T12:56:51.600] [INFO] http - OPTIONS /article/col  200  3 ms
[2020-06-30T12:56:51.619] [INFO] http - POST /article/col  200  16 ms
[2020-06-30T12:56:52.366] [INFO] http - POST /article/col  200  17 ms
[2020-06-30T12:56:54.136] [INFO] http - OPTIONS /article/read  200  3 ms
[2020-06-30T12:56:54.147] [INFO] http - POST /article/getCol  200  9 ms
[2020-06-30T12:56:54.149] [INFO] http - POST /article/read  200  6 ms
[2020-06-30T12:56:54.151] [INFO] http - POST /article/getComment  200  10 ms
[2020-06-30T13:07:33.667] [INFO] http - OPTIONS /article/read  200  4 ms
[2020-06-30T13:07:33.671] [INFO] http - OPTIONS /article/getCol  200  2 ms
[2020-06-30T13:07:33.673] [INFO] http - OPTIONS /article/getComment  200  0 ms
[2020-06-30T13:07:33.757] [INFO] http - POST /article/getCol  200  12 ms
[2020-06-30T13:07:33.760] [INFO] http - POST /article/getComment  200  13 ms
[2020-06-30T13:07:33.762] [INFO] http - POST /article/read  200  88 ms
[2020-06-30T13:07:45.512] [INFO] http - OPTIONS /article/adminStopUser  200  4 ms
[2020-06-30T13:07:45.532] [INFO] http - POST /article/adminStopUser  200  18 ms
[2020-06-30T13:07:49.617] [INFO] http - OPTIONS /article/comment  200  2 ms
[2020-06-30T13:07:49.622] [INFO] http - POST /article/comment  200  4 ms
[2020-06-30T13:08:14.789] [INFO] http - OPTIONS /article/comment  200  3 ms
[2020-06-30T13:08:14.814] [INFO] http - POST /article/comment  200  23 ms
[2020-06-30T13:08:19.534] [INFO] http - OPTIONS /article/adminStopUser  200  2 ms
[2020-06-30T13:08:19.545] [INFO] http - POST /article/adminStopUser  200  8 ms
[2020-06-30T13:08:23.276] [INFO] http - OPTIONS /article/comment  200  2 ms
[2020-06-30T13:08:23.282] [INFO] http - POST /article/comment  200  4 ms
[2020-06-30T13:08:33.698] [INFO] http - OPTIONS /article/getNowBidding  200  1 ms
[2020-06-30T13:08:33.700] [INFO] http - OPTIONS /article/homePage  200  2 ms
[2020-06-30T13:08:33.722] [INFO] http - POST /article/homePage  200  20 ms
[2020-06-30T13:08:33.725] [INFO] http - POST /article/getNowBidding  200  24 ms
[2020-06-30T13:16:28.871] [INFO] http - OPTIONS /article/read  200  3 ms
[2020-06-30T13:16:28.947] [INFO] http - OPTIONS /article/getCol  200  2 ms
[2020-06-30T13:16:28.948] [INFO] http - OPTIONS /article/getComment  200  0 ms
[2020-06-30T13:16:28.964] [INFO] http - POST /article/read  200  91 ms
[2020-06-30T13:16:28.966] [INFO] http - POST /article/getCol  200  15 ms
[2020-06-30T13:16:28.969] [INFO] http - POST /article/getComment  200  16 ms
[2020-06-30T13:16:30.718] [INFO] http - OPTIONS /user/otherUser  200  3 ms
[2020-06-30T13:16:30.722] [INFO] http - OPTIONS /user/getFollow  200  3 ms
[2020-06-30T13:16:30.733] [INFO] http - POST /user/otherUser  200  9 ms
[2020-06-30T13:16:30.736] [INFO] http - POST /user/getFollow  200  8 ms
[2020-06-30T13:16:32.701] [INFO] http - OPTIONS /user/setOtherTag  200  4 ms
[2020-06-30T13:16:32.720] [INFO] http - POST /user/setOtherTag  200  17 ms
[2020-06-30T13:16:38.157] [INFO] http - OPTIONS /login/getUserInfo  200  5 ms
[2020-06-30T13:16:38.165] [INFO] http - POST /login/getUserInfo  200  6 ms
[2020-06-30T13:16:38.254] [INFO] http - OPTIONS /article/read  200  3 ms
[2020-06-30T13:16:38.257] [INFO] http - OPTIONS /article/getCol  200  2 ms
[2020-06-30T13:16:38.260] [INFO] http - OPTIONS /article/getComment  200  2 ms
[2020-06-30T13:16:38.275] [INFO] http - POST /article/getCol  200  10 ms
[2020-06-30T13:16:38.280] [INFO] http - POST /article/read  200  18 ms
[2020-06-30T13:16:38.282] [INFO] http - POST /article/getComment  200  13 ms
[2020-06-30T13:16:38.505] [WARN] http - GET //headPor/47/1592627418118--1.jpg  304  2 ms
[2020-06-30T13:16:57.718] [INFO] http - OPTIONS /article/authorStopUser  200  5 ms
[2020-06-30T13:16:57.738] [INFO] http - POST /article/authorStopUser  200  18 ms
[2020-06-30T13:17:00.306] [INFO] http - OPTIONS /article/comment  200  3 ms
[2020-06-30T13:17:00.312] [INFO] http - POST /article/comment  200  4 ms
[2020-06-30T13:22:11.777] [INFO] http - OPTIONS /article/getNowBidding  200  3 ms
[2020-06-30T13:22:11.779] [INFO] http - OPTIONS /article/banner  200  1 ms
[2020-06-30T13:22:11.856] [INFO] http - OPTIONS /article/homePage  200  1 ms
[2020-06-30T13:22:11.859] [INFO] http - POST /article/banner  200  1 ms
[2020-06-30T13:22:11.884] [INFO] http - POST /article/getNowBidding  200  104 ms
[2020-06-30T13:22:11.887] [INFO] http - POST /article/homePage  200  27 ms
[2020-06-30T13:22:12.222] [WARN] http - GET //articleImgs/47/1593408854341--W020200601359603900957.jpg  304  4 ms
[2020-06-30T13:22:42.156] [INFO] http - OPTIONS /article/read  200  3 ms
[2020-06-30T13:22:42.159] [INFO] http - OPTIONS /article/getCol  200  2 ms
[2020-06-30T13:22:42.163] [INFO] http - OPTIONS /article/getComment  200  2 ms
[2020-06-30T13:22:42.173] [INFO] http - POST /article/getCol  200  4 ms
[2020-06-30T13:22:42.176] [INFO] http - POST /article/read  200  10 ms
[2020-06-30T13:22:42.178] [INFO] http - POST /article/getComment  200  13 ms
[2020-06-30T13:22:49.879] [INFO] http - OPTIONS /login/getUserInfo  200  2 ms
[2020-06-30T13:22:49.887] [INFO] http - POST /login/getUserInfo  200  7 ms
[2020-06-30T13:22:49.987] [INFO] http - OPTIONS /article/read  200  5 ms
[2020-06-30T13:22:49.992] [INFO] http - OPTIONS /article/getCol  200  3 ms
[2020-06-30T13:22:49.999] [INFO] http - OPTIONS /article/getComment  200  5 ms
[2020-06-30T13:22:50.013] [INFO] http - POST /article/getCol  200  10 ms
[2020-06-30T13:22:50.018] [INFO] http - POST /article/read  200  18 ms
[2020-06-30T13:22:50.021] [INFO] http - POST /article/getComment  200  14 ms
[2020-06-30T13:22:50.232] [WARN] http - GET //headPor/47/1592627418118--1.jpg  304  2 ms
[2020-06-30T13:22:50.235] [WARN] http - GET /default.jpg  304  1 ms
[2020-06-30T13:22:51.220] [INFO] http - OPTIONS /article/getReward  200  4 ms
[2020-06-30T13:22:51.226] [INFO] http - POST /article/getReward  200  4 ms
[2020-06-30T13:22:52.014] [INFO] http - POST /article/getReward  200  6 ms
[2020-06-30T13:23:06.186] [INFO] http - OPTIONS /article/banner  200  2 ms
[2020-06-30T13:23:06.188] [INFO] http - OPTIONS /article/getNowBidding  200  1 ms
[2020-06-30T13:23:06.191] [INFO] http - OPTIONS /article/homePage  200  2 ms
[2020-06-30T13:23:06.194] [INFO] http - POST /article/banner  200  2 ms
[2020-06-30T13:23:06.211] [INFO] http - POST /article/getNowBidding  200  15 ms
[2020-06-30T13:23:06.214] [INFO] http - POST /article/homePage  200  16 ms
[2020-06-30T13:23:06.541] [WARN] http - GET //articleImgs/47/1593408854341--W020200601359603900957.jpg  304  1 ms
[2020-06-30T13:29:29.987] [INFO] http - OPTIONS /article/read  200  4 ms
[2020-06-30T13:29:30.066] [INFO] http - OPTIONS /article/getCol  200  1 ms
[2020-06-30T13:29:30.068] [INFO] http - OPTIONS /article/getComment  200  1 ms
[2020-06-30T13:29:30.082] [INFO] http - POST /article/getCol  200  12 ms
[2020-06-30T13:29:30.086] [INFO] http - POST /article/read  200  98 ms
[2020-06-30T13:29:30.089] [INFO] http - POST /article/getComment  200  15 ms
[2020-06-30T13:29:33.533] [INFO] http - OPTIONS /article/report  200  3 ms
[2020-06-30T13:29:33.553] [INFO] http - POST /article/report  200  18 ms
[2020-06-30T13:29:35.668] [INFO] http - OPTIONS /article/doReport  200  4 ms
[2020-06-30T13:29:35.687] [INFO] http - POST /article/doReport  200  16 ms
[2020-06-30T13:29:37.838] [INFO] http - OPTIONS /article/read  200  3 ms
[2020-06-30T13:29:37.841] [INFO] http - OPTIONS /article/getCol  200  2 ms
[2020-06-30T13:29:37.844] [INFO] http - OPTIONS /article/getComment  200  2 ms
[2020-06-30T13:29:37.856] [INFO] http - POST /article/getCol  200  8 ms
[2020-06-30T13:29:37.859] [INFO] http - POST /article/read  200  13 ms
[2020-06-30T13:29:37.862] [INFO] http - POST /article/getComment  200  11 ms
[2020-06-30T13:29:41.535] [INFO] http - POST /article/getCol  200  7 ms
[2020-06-30T13:29:41.539] [INFO] http - POST /article/read  200  14 ms
[2020-06-30T13:29:41.541] [INFO] http - POST /article/getComment  200  9 ms
[2020-06-30T13:29:46.004] [INFO] http - OPTIONS /article/report  200  3 ms
[2020-06-30T13:29:46.015] [INFO] http - POST /article/report  200  10 ms
[2020-06-30T13:29:47.651] [INFO] http - OPTIONS /article/doReport  200  4 ms
[2020-06-30T13:29:47.666] [INFO] http - POST /article/doReport  200  13 ms
[2020-06-30T14:32:15.096] [INFO] http - OPTIONS /login/getUserInfo  200  6 ms
[2020-06-30T14:32:15.099] [INFO] http - OPTIONS /article/banner  200  2 ms
[2020-06-30T14:32:15.102] [INFO] http - OPTIONS /article/getNowBidding  200  1 ms
[2020-06-30T14:32:15.104] [INFO] http - OPTIONS /article/homePage  200  1 ms
[2020-06-30T14:32:15.209] [INFO] http - POST /article/banner  200  2 ms
[2020-06-30T14:32:15.227] [INFO] http - POST /login/getUserInfo  200  122 ms
[2020-06-30T14:32:15.252] [INFO] http - POST /article/homePage  200  38 ms
[2020-06-30T14:32:15.270] [INFO] http - POST /article/getNowBidding  200  59 ms
[2020-06-30T14:32:15.556] [WARN] http - GET //headPor/47/1592627418118--1.jpg  304  1 ms
[2020-06-30T14:32:15.558] [WARN] http - GET //articleImgs/47/1593408854341--W020200601359603900957.jpg  304  1 ms
[2020-06-30T14:32:16.953] [INFO] http - OPTIONS /article/read  200  4 ms
[2020-06-30T14:32:16.957] [INFO] http - OPTIONS /article/getCol  200  3 ms
[2020-06-30T14:32:16.960] [INFO] http - OPTIONS /article/getComment  200  2 ms
[2020-06-30T14:32:16.976] [INFO] http - POST /article/getCol  200  11 ms
[2020-06-30T14:32:16.979] [INFO] http - POST /article/read  200  17 ms
[2020-06-30T14:32:16.982] [INFO] http - POST /article/getComment  200  12 ms
[2020-06-30T14:32:36.452] [INFO] http - OPTIONS /article/authorStopUser  200  3 ms
[2020-06-30T14:32:36.467] [INFO] http - POST /article/authorStopUser  200  13 ms
[2020-06-30T14:32:39.671] [INFO] http - OPTIONS /article/comment  200  4 ms
[2020-06-30T14:32:39.680] [INFO] http - POST /article/comment  200  6 ms
[2020-06-30T14:32:48.633] [INFO] http - OPTIONS /article/setArticleTag  200  5 ms
[2020-06-30T14:32:48.645] [INFO] http - POST /article/setArticleTag  200  10 ms
[2020-06-30T14:32:52.849] [INFO] http - POST /article/setArticleTag  200  20 ms
[2020-06-30T14:33:01.491] [INFO] http - OPTIONS /article/adminStopUser  200  4 ms
[2020-06-30T14:33:01.511] [INFO] http - POST /article/adminStopUser  200  18 ms
[2020-06-30T14:44:02.193] [INFO] http - OPTIONS /user/checkTime  200  0 ms
[2020-06-30T14:44:02.284] [INFO] http - POST /user/checkTime  200  91 ms
[2020-06-30T14:44:04.878] [INFO] http - OPTIONS /article/homePage  200  2 ms
[2020-06-30T14:44:04.889] [INFO] http - POST /article/homePage  200  9 ms
[2020-06-30T14:44:05.875] [INFO] http - POST /article/homePage  200  9 ms
[2020-06-30T14:44:06.838] [INFO] http - POST /article/homePage  200  7 ms
[2020-06-30T14:44:07.171] [WARN] http - GET //articleImgs/47/1592711228880--29u1585538307113W020191220372106011071.jpg  304  4 ms
[2020-06-30T14:44:07.172] [WARN] http - GET //articleImgs/47/1592712342936--29u1585538307113W020191220372106011071.jpg  304  4 ms
[2020-06-30T14:44:07.175] [WARN] http - GET //articleImgs/47u1592625332227u=1161383080,3513417242&fm=191&app=48&size=h300&n=0&g=4n&f=JPEG.jpg  304  6 ms
[2020-06-30T14:44:07.177] [WARN] http - GET //articleImgs/47u1592625455846Screenshot_20200403_141240_com.huluxia.gametools.jpg  304  7 ms
[2020-06-30T14:44:07.178] [WARN] http - GET //articleImgs/47/Screenshot_20200403_141240_com.huluxia.gametools.jpg  304  9 ms
[2020-06-30T14:44:07.180] [WARN] http - GET //articleImgs/47/u=1161383080,3513417242&fm=191&app=48&size=h300&n=0&g=4n&f=JPEG.jpg  304  11 ms
[2020-06-30T14:44:07.183] [WARN] http - GET //articleImgs/47/1.jpg  304  1 ms
[2020-06-30T14:44:07.777] [INFO] http - POST /article/homePage  200  8 ms
[2020-06-30T14:44:07.810] [WARN] http - GET /default.jpg  304  0 ms
[2020-06-30T14:44:09.294] [INFO] http - POST /article/homePage  200  6 ms
[2020-06-30T14:44:12.631] [INFO] http - OPTIONS /article/homePage  200  4 ms
[2020-06-30T14:44:12.640] [INFO] http - POST /article/homePage  200  6 ms
[2020-06-30T14:44:13.892] [INFO] http - POST /article/homePage  200  8 ms
[2020-06-30T14:44:15.524] [INFO] http - POST /article/homePage  200  7 ms
[2020-06-30T14:44:16.714] [INFO] http - OPTIONS /article/read  200  3 ms
[2020-06-30T14:44:16.717] [INFO] http - OPTIONS /article/getCol  200  2 ms
[2020-06-30T14:44:16.720] [INFO] http - OPTIONS /article/getComment  200  2 ms
[2020-06-30T14:44:16.730] [INFO] http - POST /article/getCol  200  4 ms
[2020-06-30T14:44:16.731] [INFO] http - POST /article/read  200  10 ms
[2020-06-30T14:44:16.749] [INFO] http - POST /article/getComment  200  17 ms
[2020-06-30T14:44:18.838] [INFO] http - OPTIONS /article/getReward  200  4 ms
[2020-06-30T14:44:18.846] [INFO] http - POST /article/getReward  200  7 ms
[2020-06-30T14:44:27.500] [INFO] http - OPTIONS /article/reward  200  4 ms
[2020-06-30T14:44:27.521] [INFO] http - POST /article/reward  200  19 ms
[2020-06-30T14:44:28.780] [INFO] http - OPTIONS /article/getReward  200  4 ms
[2020-06-30T14:44:28.784] [INFO] http - POST /article/getReward  200  3 ms
[2020-06-30T14:44:32.227] [INFO] http - OPTIONS /login/getUserInfo  200  3 ms
[2020-06-30T14:44:32.237] [INFO] http - POST /login/getUserInfo  200  8 ms
[2020-06-30T14:44:32.288] [INFO] http - OPTIONS /article/read  200  3 ms
[2020-06-30T14:44:32.292] [INFO] http - OPTIONS /article/getCol  200  2 ms
[2020-06-30T14:44:32.294] [INFO] http - OPTIONS /article/getComment  200  2 ms
[2020-06-30T14:44:32.308] [INFO] http - POST /article/getCol  200  10 ms
[2020-06-30T14:44:32.311] [INFO] http - POST /article/read  200  16 ms
[2020-06-30T14:44:32.312] [INFO] http - POST /article/getComment  200  11 ms
[2020-06-30T14:44:32.609] [WARN] http - GET //headPor/47/1592627418118--1.jpg  304  0 ms
[2020-06-30T14:44:32.612] [WARN] http - GET /default.jpg  304  1 ms
[2020-06-30T14:44:33.477] [INFO] http - OPTIONS /article/banner  200  3 ms
[2020-06-30T14:44:33.480] [INFO] http - OPTIONS /article/getNowBidding  200  2 ms
[2020-06-30T14:44:33.483] [INFO] http - OPTIONS /article/homePage  200  2 ms
[2020-06-30T14:44:33.488] [INFO] http - POST /article/banner  200  4 ms
[2020-06-30T14:44:33.513] [INFO] http - POST /article/homePage  200  21 ms
[2020-06-30T14:44:33.517] [INFO] http - POST /article/getNowBidding  200  27 ms
[2020-06-30T14:44:33.538] [WARN] http - GET //articleImgs/47/1593408854341--W020200601359603900957.jpg  304  0 ms
[2020-06-30T14:44:35.228] [INFO] http - POST /article/homePage  200  8 ms
[2020-06-30T14:44:36.149] [INFO] http - POST /article/homePage  200  9 ms
[2020-06-30T14:44:37.087] [INFO] http - POST /article/homePage  200  8 ms
[2020-06-30T14:44:37.109] [WARN] http - GET //articleImgs/47/1592711228880--29u1585538307113W020191220372106011071.jpg  304  0 ms
[2020-06-30T14:44:37.111] [WARN] http - GET //articleImgs/47/1592712342936--29u1585538307113W020191220372106011071.jpg  304  2 ms
[2020-06-30T14:44:37.113] [WARN] http - GET //articleImgs/47u1592625332227u=1161383080,3513417242&fm=191&app=48&size=h300&n=0&g=4n&f=JPEG.jpg  304  3 ms
[2020-06-30T14:44:37.115] [WARN] http - GET //articleImgs/47u1592625455846Screenshot_20200403_141240_com.huluxia.gametools.jpg  304  1 ms
[2020-06-30T14:44:37.117] [WARN] http - GET //articleImgs/47/Screenshot_20200403_141240_com.huluxia.gametools.jpg  304  3 ms
[2020-06-30T14:44:37.120] [WARN] http - GET //articleImgs/47/u=1161383080,3513417242&fm=191&app=48&size=h300&n=0&g=4n&f=JPEG.jpg  304  3 ms
[2020-06-30T14:44:37.121] [WARN] http - GET //articleImgs/47/1.jpg  304  2 ms
[2020-06-30T14:44:37.965] [INFO] http - POST /article/homePage  200  8 ms
[2020-06-30T14:44:38.878] [INFO] http - OPTIONS /article/homePage  200  3 ms
[2020-06-30T14:44:38.884] [INFO] http - POST /article/homePage  200  4 ms
[2020-06-30T14:44:40.424] [INFO] http - OPTIONS /article/read  200  4 ms
[2020-06-30T14:44:40.427] [INFO] http - OPTIONS /article/getCol  200  2 ms
[2020-06-30T14:44:40.431] [INFO] http - OPTIONS /article/getComment  200  3 ms
[2020-06-30T14:44:40.439] [INFO] http - POST /article/getCol  200  3 ms
[2020-06-30T14:44:40.441] [INFO] http - POST /article/read  200  6 ms
[2020-06-30T14:44:40.445] [INFO] http - POST /article/getComment  200  12 ms
[2020-06-30T14:44:45.199] [INFO] http - OPTIONS /article/reward  200  2 ms
[2020-06-30T14:44:45.220] [INFO] http - POST /article/reward  200  19 ms
[2020-06-30T14:44:46.200] [INFO] http - OPTIONS /article/getReward  200  3 ms
[2020-06-30T14:44:46.210] [INFO] http - POST /article/getReward  200  5 ms
[2020-06-30T14:44:49.710] [INFO] http - OPTIONS /article/getNowBidding  200  3 ms
[2020-06-30T14:44:49.713] [INFO] http - OPTIONS /article/homePage  200  2 ms
[2020-06-30T14:44:49.725] [INFO] http - POST /article/getNowBidding  200  11 ms
[2020-06-30T14:44:49.730] [INFO] http - POST /article/homePage  200  14 ms
[2020-06-30T14:44:51.080] [INFO] http - POST /article/getNowBidding  200  13 ms
[2020-06-30T14:44:51.081] [INFO] http - POST /article/homePage  200  11 ms
[2020-06-30T14:44:52.352] [INFO] http - POST /article/getNowBidding  200  12 ms
[2020-06-30T14:44:52.354] [INFO] http - POST /article/homePage  200  11 ms
[2020-06-30T14:44:53.930] [INFO] http - POST /article/getNowBidding  200  13 ms
[2020-06-30T14:44:53.931] [INFO] http - POST /article/homePage  200  12 ms
[2020-06-30T14:44:57.688] [INFO] http - OPTIONS /article/getNowBidding  200  3 ms
[2020-06-30T14:44:57.691] [INFO] http - OPTIONS /article/homePage  200  3 ms
[2020-06-30T14:44:57.704] [INFO] http - POST /article/getNowBidding  200  12 ms
[2020-06-30T14:44:57.706] [INFO] http - POST /article/homePage  200  12 ms
[2020-06-30T14:44:59.029] [INFO] http - POST /article/getNowBidding  200  12 ms
[2020-06-30T14:44:59.031] [INFO] http - POST /article/homePage  200  11 ms
[2020-06-30T14:45:00.941] [INFO] http - POST /article/getNowBidding  200  16 ms
[2020-06-30T14:45:00.943] [INFO] http - POST /article/homePage  200  15 ms
[2020-06-30T14:45:01.263] [WARN] http - GET //articleImgs/47/1593408854341--W020200601359603900957.jpg  304  1 ms
[2020-06-30T14:45:02.666] [INFO] http - POST /article/getNowBidding  200  12 ms
[2020-06-30T14:45:02.667] [INFO] http - POST /article/homePage  200  11 ms
